#! /c/Source/iverilog-install/bin/vvp
:ivl_version "12.0 (devel)" "(s20150603-1539-g2693dd32b)";
:ivl_delay_selection "TYPICAL";
:vpi_time_precision + 0;
:vpi_module "C:\iverilog\lib\ivl\system.vpi";
:vpi_module "C:\iverilog\lib\ivl\vhdl_sys.vpi";
:vpi_module "C:\iverilog\lib\ivl\vhdl_textio.vpi";
:vpi_module "C:\iverilog\lib\ivl\v2005_math.vpi";
:vpi_module "C:\iverilog\lib\ivl\va_math.vpi";
S_0000020fbe1e2940 .scope module, "Alarm" "Alarm" 2 1;
 .timescale 0 0;
    .port_info 0 /OUTPUT 4 "ah1";
    .port_info 1 /OUTPUT 4 "ah2";
    .port_info 2 /OUTPUT 4 "am1";
    .port_info 3 /OUTPUT 4 "am2";
    .port_info 4 /OUTPUT 17 "alm_cnt";
    .port_info 5 /OUTPUT 1 "buzz";
    .port_info 6 /INPUT 1 "clk_out";
    .port_info 7 /INPUT 4 "loadin";
    .port_info 8 /INPUT 1 "load";
    .port_info 9 /INPUT 1 "almin";
    .port_info 10 /INPUT 1 "alm";
    .port_info 11 /INPUT 17 "sec_cnt";
    .port_info 12 /INPUT 3 "select";
v0000020fbe1e2bb0_0 .var "ah1", 3 0;
v0000020fbe1cbd20_0 .var "ah2", 3 0;
o0000020fbe21aff8 .functor BUFZ 1, C4<z>; HiZ drive
v0000020fbe1cbdc0_0 .net "alm", 0 0, o0000020fbe21aff8;  0 drivers
v0000020fbe1cbe60_0 .var "alm_cnt", 16 0;
o0000020fbe21b058 .functor BUFZ 1, C4<z>; HiZ drive
v0000020fbe262030_0 .net "almin", 0 0, o0000020fbe21b058;  0 drivers
v0000020fbe2620d0_0 .var "am1", 3 0;
v0000020fbe262170_0 .var "am2", 3 0;
v0000020fbe262210_0 .var "buzz", 0 0;
o0000020fbe21b118 .functor BUFZ 1, C4<z>; HiZ drive
v0000020fbe2622b0_0 .net "clk_out", 0 0, o0000020fbe21b118;  0 drivers
o0000020fbe21b148 .functor BUFZ 1, C4<z>; HiZ drive
v0000020fbe262350_0 .net "load", 0 0, o0000020fbe21b148;  0 drivers
o0000020fbe21b178 .functor BUFZ 4, C4<zzzz>; HiZ drive
v0000020fbe2623f0_0 .net "loadin", 3 0, o0000020fbe21b178;  0 drivers
o0000020fbe21b1a8 .functor BUFZ 17, C4<zzzzzzzzzzzzzzzzz>; HiZ drive
v0000020fbe262490_0 .net "sec_cnt", 16 0, o0000020fbe21b1a8;  0 drivers
o0000020fbe21b1d8 .functor BUFZ 3, C4<zzz>; HiZ drive
v0000020fbe262530_0 .net "select", 2 0, o0000020fbe21b1d8;  0 drivers
v0000020fbe2625d0_0 .var "update_cnt", 0 0;
E_0000020fbe2048e0 .event posedge, v0000020fbe2622b0_0;
    .scope S_0000020fbe1e2940;
T_0 ;
    %wait E_0000020fbe2048e0;
    %pushi/vec4 0, 0, 1;
    %assign/vec4 v0000020fbe2625d0_0, 0;
    %load/vec4 v0000020fbe262030_0;
    %pad/u 32;
    %cmpi/e 1, 0, 32;
    %flag_get/vec4 4;
    %jmp/0 T_0.2, 4;
    %load/vec4 v0000020fbe262350_0;
    %pad/u 32;
    %pushi/vec4 0, 0, 32;
    %cmp/e;
    %flag_get/vec4 4;
    %and;
T_0.2;
    %flag_set/vec4 8;
    %jmp/0xz  T_0.0, 8;
    %load/vec4 v0000020fbe262530_0;
    %parti/s 1, 2, 3;
    %load/vec4 v0000020fbe262530_0;
    %parti/s 1, 1, 2;
    %concat/vec4; draw_concat_vec4
    %load/vec4 v0000020fbe262530_0;
    %parti/s 1, 0, 2;
    %concat/vec4; draw_concat_vec4
    %dup/vec4;
    %pushi/vec4 2, 0, 3;
    %cmp/u;
    %jmp/1 T_0.3, 6;
    %dup/vec4;
    %pushi/vec4 3, 0, 3;
    %cmp/u;
    %jmp/1 T_0.4, 6;
    %dup/vec4;
    %pushi/vec4 4, 0, 3;
    %cmp/u;
    %jmp/1 T_0.5, 6;
    %dup/vec4;
    %pushi/vec4 5, 0, 3;
    %cmp/u;
    %jmp/1 T_0.6, 6;
    %jmp T_0.7;
T_0.3 ;
    %load/vec4 v0000020fbe2623f0_0;
    %pad/u 32;
    %cmpi/u 9, 0, 32;
    %flag_or 5, 4;
    %jmp/0xz  T_0.8, 5;
    %load/vec4 v0000020fbe2623f0_0;
    %assign/vec4 v0000020fbe262170_0, 0;
T_0.8 ;
    %jmp T_0.7;
T_0.4 ;
    %load/vec4 v0000020fbe2623f0_0;
    %pad/u 32;
    %cmpi/u 5, 0, 32;
    %flag_or 5, 4;
    %jmp/0xz  T_0.10, 5;
    %load/vec4 v0000020fbe2623f0_0;
    %assign/vec4 v0000020fbe2620d0_0, 0;
T_0.10 ;
    %jmp T_0.7;
T_0.5 ;
    %load/vec4 v0000020fbe2623f0_0;
    %pad/u 32;
    %cmpi/u 4, 0, 32;
    %flag_or 5, 4;
    %jmp/0xz  T_0.12, 5;
    %load/vec4 v0000020fbe2623f0_0;
    %assign/vec4 v0000020fbe1cbd20_0, 0;
T_0.12 ;
    %jmp T_0.7;
T_0.6 ;
    %load/vec4 v0000020fbe2623f0_0;
    %pad/u 32;
    %cmpi/u 2, 0, 32;
    %flag_or 5, 4;
    %jmp/0xz  T_0.14, 5;
    %load/vec4 v0000020fbe2623f0_0;
    %assign/vec4 v0000020fbe1e2bb0_0, 0;
T_0.14 ;
    %jmp T_0.7;
T_0.7 ;
    %pop/vec4 1;
T_0.0 ;
    %load/vec4 v0000020fbe2625d0_0;
    %flag_set/vec4 8;
    %jmp/0xz  T_0.16, 8;
    %load/vec4 v0000020fbe262170_0;
    %pad/u 17;
    %muli 60, 0, 17;
    %load/vec4 v0000020fbe2620d0_0;
    %pad/u 17;
    %muli 600, 0, 17;
    %add;
    %load/vec4 v0000020fbe1cbd20_0;
    %pad/u 17;
    %muli 3600, 0, 17;
    %add;
    %load/vec4 v0000020fbe1e2bb0_0;
    %pad/u 17;
    %muli 36000, 0, 17;
    %add;
    %assign/vec4 v0000020fbe1cbe60_0, 0;
T_0.16 ;
    %load/vec4 v0000020fbe1cbdc0_0;
    %pad/u 32;
    %cmpi/e 1, 0, 32;
    %jmp/0xz  T_0.18, 4;
    %load/vec4 v0000020fbe1cbe60_0;
    %load/vec4 v0000020fbe262490_0;
    %cmp/u;
    %flag_or 5, 4;
    %flag_get/vec4 5;
    %jmp/0 T_0.22, 5;
    %load/vec4 v0000020fbe262490_0;
    %pad/u 32;
    %load/vec4 v0000020fbe1cbe60_0;
    %pad/u 32;
    %addi 60, 0, 32;
    %cmp/u;
    %flag_get/vec4 5;
    %and;
T_0.22;
    %flag_set/vec4 8;
    %jmp/0xz  T_0.20, 8;
    %pushi/vec4 1, 0, 1;
    %store/vec4 v0000020fbe262210_0, 0, 1;
    %jmp T_0.21;
T_0.20 ;
    %pushi/vec4 0, 0, 1;
    %store/vec4 v0000020fbe262210_0, 0, 1;
T_0.21 ;
    %jmp T_0.19;
T_0.18 ;
    %pushi/vec4 0, 0, 1;
    %store/vec4 v0000020fbe262210_0, 0, 1;
T_0.19 ;
    %jmp T_0;
    .thread T_0;
# The file index is used to find the file name in the following table.
:file_names 3;
    "N/A";
    "<interactive>";
    "alarm.v";
