#! /c/Source/iverilog-install/bin/vvp
:ivl_version "12.0 (devel)" "(s20150603-1539-g2693dd32b)";
:ivl_delay_selection "TYPICAL";
:vpi_time_precision + 0;
:vpi_module "C:\iverilog\lib\ivl\system.vpi";
:vpi_module "C:\iverilog\lib\ivl\vhdl_sys.vpi";
:vpi_module "C:\iverilog\lib\ivl\vhdl_textio.vpi";
:vpi_module "C:\iverilog\lib\ivl\v2005_math.vpi";
:vpi_module "C:\iverilog\lib\ivl\va_math.vpi";
S_0000017e39bb2940 .scope module, "Clock" "Clock" 2 1;
 .timescale 0 0;
    .port_info 0 /INPUT 1 "clk_out";
    .port_info 1 /INPUT 1 "rst";
    .port_info 2 /INPUT 1 "load";
    .port_info 3 /INPUT 1 "almin";
    .port_info 4 /INPUT 1 "tmrin";
    .port_info 5 /OUTPUT 17 "sec_cnt";
    .port_info 6 /OUTPUT 4 "h1";
    .port_info 7 /OUTPUT 4 "h2";
    .port_info 8 /OUTPUT 4 "m1";
    .port_info 9 /OUTPUT 4 "m2";
    .port_info 10 /OUTPUT 4 "s1";
    .port_info 11 /OUTPUT 4 "s2";
    .port_info 12 /INPUT 4 "loadin";
o0000017e39bf1fb8 .functor BUFZ 1, C4<z>; HiZ drive
v0000017e39b9be80_0 .net "almin", 0 0, o0000017e39bf1fb8;  0 drivers
o0000017e39bf1fe8 .functor BUFZ 1, C4<z>; HiZ drive
v0000017e39bb2ad0_0 .net "clk_out", 0 0, o0000017e39bf1fe8;  0 drivers
v0000017e39bb2b70_0 .var "h1", 3 0;
v0000017e39bb2c10_0 .var "h2", 3 0;
v0000017e39be4520_0 .var "hh", 4 0;
o0000017e39bf20a8 .functor BUFZ 1, C4<z>; HiZ drive
v0000017e39be45c0_0 .net "load", 0 0, o0000017e39bf20a8;  0 drivers
o0000017e39bf20d8 .functor BUFZ 4, C4<zzzz>; HiZ drive
v0000017e39be4660_0 .net "loadin", 3 0, o0000017e39bf20d8;  0 drivers
v0000017e39be4700_0 .var "m1", 3 0;
v0000017e39c3cc50_0 .var "m2", 3 0;
v0000017e39c3ccf0_0 .var "mm", 5 0;
o0000017e39bf2198 .functor BUFZ 1, C4<z>; HiZ drive
v0000017e39c3cd90_0 .net "rst", 0 0, o0000017e39bf2198;  0 drivers
v0000017e39c3ce30_0 .var "s1", 3 0;
v0000017e39c3ced0_0 .var "s2", 3 0;
v0000017e39c3cf70_0 .var "sec_cnt", 16 0;
o0000017e39bf2258 .functor BUFZ 3, C4<zzz>; HiZ drive
v0000017e39c3d010_0 .net "select", 2 0, o0000017e39bf2258;  0 drivers
v0000017e39c3da60_0 .var "ss", 5 0;
o0000017e39bf22b8 .functor BUFZ 1, C4<z>; HiZ drive
v0000017e39c3d1a0_0 .net "tmrin", 0 0, o0000017e39bf22b8;  0 drivers
v0000017e39c3d560_0 .var "update_cnt", 0 0;
E_0000017e39bd9d20 .event posedge, v0000017e39c3cd90_0, v0000017e39bb2ad0_0;
    .scope S_0000017e39bb2940;
T_0 ;
    %wait E_0000017e39bd9d20;
    %pushi/vec4 0, 0, 1;
    %assign/vec4 v0000017e39c3d560_0, 0;
    %load/vec4 v0000017e39c3cd90_0;
    %flag_set/vec4 8;
    %jmp/0xz  T_0.0, 8;
    %pushi/vec4 0, 0, 17;
    %assign/vec4 v0000017e39c3cf70_0, 0;
    %pushi/vec4 0, 0, 5;
    %assign/vec4 v0000017e39be4520_0, 0;
    %pushi/vec4 0, 0, 6;
    %assign/vec4 v0000017e39c3ccf0_0, 0;
    %pushi/vec4 0, 0, 6;
    %assign/vec4 v0000017e39c3da60_0, 0;
    %pushi/vec4 0, 0, 4;
    %assign/vec4 v0000017e39bb2b70_0, 0;
    %pushi/vec4 0, 0, 4;
    %assign/vec4 v0000017e39bb2c10_0, 0;
    %pushi/vec4 0, 0, 4;
    %assign/vec4 v0000017e39be4700_0, 0;
    %pushi/vec4 0, 0, 4;
    %assign/vec4 v0000017e39c3cc50_0, 0;
    %pushi/vec4 0, 0, 4;
    %assign/vec4 v0000017e39c3ce30_0, 0;
    %pushi/vec4 0, 0, 4;
    %assign/vec4 v0000017e39c3ced0_0, 0;
    %jmp T_0.1;
T_0.0 ;
    %load/vec4 v0000017e39c3cf70_0;
    %pad/u 32;
    %cmpi/e 86400, 0, 32;
    %jmp/0xz  T_0.2, 4;
    %pushi/vec4 0, 0, 17;
    %assign/vec4 v0000017e39c3cf70_0, 0;
    %pushi/vec4 0, 0, 5;
    %assign/vec4 v0000017e39be4520_0, 0;
    %pushi/vec4 0, 0, 6;
    %assign/vec4 v0000017e39c3ccf0_0, 0;
    %pushi/vec4 0, 0, 6;
    %assign/vec4 v0000017e39c3da60_0, 0;
    %pushi/vec4 0, 0, 4;
    %assign/vec4 v0000017e39bb2b70_0, 0;
    %pushi/vec4 0, 0, 4;
    %assign/vec4 v0000017e39bb2c10_0, 0;
    %pushi/vec4 0, 0, 4;
    %assign/vec4 v0000017e39be4700_0, 0;
    %pushi/vec4 0, 0, 4;
    %assign/vec4 v0000017e39c3cc50_0, 0;
    %pushi/vec4 0, 0, 4;
    %assign/vec4 v0000017e39c3ce30_0, 0;
    %pushi/vec4 0, 0, 4;
    %assign/vec4 v0000017e39c3ced0_0, 0;
    %jmp T_0.3;
T_0.2 ;
    %load/vec4 v0000017e39be45c0_0;
    %pad/u 32;
    %cmpi/e 1, 0, 32;
    %flag_get/vec4 4;
    %jmp/0 T_0.7, 4;
    %load/vec4 v0000017e39b9be80_0;
    %pad/u 32;
    %pushi/vec4 0, 0, 32;
    %cmp/e;
    %flag_get/vec4 4;
    %and;
T_0.7;
    %flag_set/vec4 9;
    %flag_get/vec4 9;
    %jmp/0 T_0.6, 9;
    %load/vec4 v0000017e39c3d1a0_0;
    %pad/u 32;
    %pushi/vec4 0, 0, 32;
    %cmp/e;
    %flag_get/vec4 4;
    %and;
T_0.6;
    %flag_set/vec4 8;
    %jmp/0xz  T_0.4, 8;
    %load/vec4 v0000017e39c3d010_0;
    %parti/s 1, 2, 3;
    %load/vec4 v0000017e39c3d010_0;
    %parti/s 1, 1, 2;
    %concat/vec4; draw_concat_vec4
    %load/vec4 v0000017e39c3d010_0;
    %parti/s 1, 0, 2;
    %concat/vec4; draw_concat_vec4
    %dup/vec4;
    %pushi/vec4 0, 0, 3;
    %cmp/u;
    %jmp/1 T_0.8, 6;
    %dup/vec4;
    %pushi/vec4 1, 0, 3;
    %cmp/u;
    %jmp/1 T_0.9, 6;
    %dup/vec4;
    %pushi/vec4 2, 0, 3;
    %cmp/u;
    %jmp/1 T_0.10, 6;
    %dup/vec4;
    %pushi/vec4 3, 0, 3;
    %cmp/u;
    %jmp/1 T_0.11, 6;
    %dup/vec4;
    %pushi/vec4 4, 0, 3;
    %cmp/u;
    %jmp/1 T_0.12, 6;
    %dup/vec4;
    %pushi/vec4 5, 0, 3;
    %cmp/u;
    %jmp/1 T_0.13, 6;
    %jmp T_0.14;
T_0.8 ;
    %load/vec4 v0000017e39be4660_0;
    %pad/u 32;
    %cmpi/u 9, 0, 32;
    %flag_or 5, 4;
    %jmp/0xz  T_0.15, 5;
    %load/vec4 v0000017e39be4660_0;
    %assign/vec4 v0000017e39c3ced0_0, 0;
T_0.15 ;
    %jmp T_0.14;
T_0.9 ;
    %load/vec4 v0000017e39be4660_0;
    %pad/u 32;
    %cmpi/u 5, 0, 32;
    %flag_or 5, 4;
    %jmp/0xz  T_0.17, 5;
    %load/vec4 v0000017e39be4660_0;
    %assign/vec4 v0000017e39c3ce30_0, 0;
T_0.17 ;
    %jmp T_0.14;
T_0.10 ;
    %load/vec4 v0000017e39be4660_0;
    %pad/u 32;
    %cmpi/u 9, 0, 32;
    %flag_or 5, 4;
    %jmp/0xz  T_0.19, 5;
    %load/vec4 v0000017e39be4660_0;
    %assign/vec4 v0000017e39c3cc50_0, 0;
T_0.19 ;
    %jmp T_0.14;
T_0.11 ;
    %load/vec4 v0000017e39be4660_0;
    %pad/u 32;
    %cmpi/u 5, 0, 32;
    %flag_or 5, 4;
    %jmp/0xz  T_0.21, 5;
    %load/vec4 v0000017e39be4660_0;
    %assign/vec4 v0000017e39be4700_0, 0;
T_0.21 ;
    %jmp T_0.14;
T_0.12 ;
    %load/vec4 v0000017e39be4660_0;
    %pad/u 32;
    %cmpi/u 4, 0, 32;
    %flag_or 5, 4;
    %jmp/0xz  T_0.23, 5;
    %load/vec4 v0000017e39be4660_0;
    %assign/vec4 v0000017e39bb2c10_0, 0;
T_0.23 ;
    %jmp T_0.14;
T_0.13 ;
    %load/vec4 v0000017e39be4660_0;
    %pad/u 32;
    %cmpi/u 2, 0, 32;
    %flag_or 5, 4;
    %jmp/0xz  T_0.25, 5;
    %load/vec4 v0000017e39be4660_0;
    %assign/vec4 v0000017e39bb2b70_0, 0;
T_0.25 ;
    %jmp T_0.14;
T_0.14 ;
    %pop/vec4 1;
T_0.4 ;
    %load/vec4 v0000017e39c3d560_0;
    %flag_set/vec4 8;
    %jmp/0xz  T_0.27, 8;
    %load/vec4 v0000017e39c3ced0_0;
    %pad/u 17;
    %load/vec4 v0000017e39c3ce30_0;
    %pad/u 17;
    %muli 10, 0, 17;
    %add;
    %load/vec4 v0000017e39c3cc50_0;
    %pad/u 17;
    %muli 60, 0, 17;
    %add;
    %load/vec4 v0000017e39be4700_0;
    %pad/u 17;
    %muli 600, 0, 17;
    %add;
    %load/vec4 v0000017e39bb2c10_0;
    %pad/u 17;
    %muli 3600, 0, 17;
    %add;
    %load/vec4 v0000017e39bb2b70_0;
    %pad/u 17;
    %muli 36000, 0, 17;
    %add;
    %assign/vec4 v0000017e39c3cf70_0, 0;
T_0.27 ;
    %load/vec4 v0000017e39be45c0_0;
    %pad/u 32;
    %cmpi/e 0, 0, 32;
    %jmp/0xz  T_0.29, 4;
    %load/vec4 v0000017e39c3cf70_0;
    %addi 1, 0, 17;
    %assign/vec4 v0000017e39c3cf70_0, 0;
T_0.29 ;
T_0.3 ;
T_0.1 ;
    %load/vec4 v0000017e39c3cf70_0;
    %pad/u 32;
    %pushi/vec4 3600, 0, 32;
    %div;
    %pad/u 5;
    %assign/vec4 v0000017e39be4520_0, 0;
    %load/vec4 v0000017e39c3cf70_0;
    %pad/u 32;
    %pushi/vec4 3600, 0, 32;
    %mod;
    %pushi/vec4 60, 0, 32;
    %div;
    %pad/u 6;
    %assign/vec4 v0000017e39c3ccf0_0, 0;
    %load/vec4 v0000017e39c3cf70_0;
    %pad/u 32;
    %pushi/vec4 60, 0, 32;
    %mod;
    %pad/u 6;
    %assign/vec4 v0000017e39c3da60_0, 0;
    %load/vec4 v0000017e39be4520_0;
    %pad/u 32;
    %pushi/vec4 10, 0, 32;
    %div;
    %pad/u 4;
    %store/vec4 v0000017e39bb2b70_0, 0, 4;
    %load/vec4 v0000017e39be4520_0;
    %pad/u 32;
    %pushi/vec4 10, 0, 32;
    %mod;
    %pad/u 4;
    %store/vec4 v0000017e39bb2c10_0, 0, 4;
    %load/vec4 v0000017e39c3ccf0_0;
    %pad/u 32;
    %pushi/vec4 10, 0, 32;
    %div;
    %pad/u 4;
    %store/vec4 v0000017e39be4700_0, 0, 4;
    %load/vec4 v0000017e39c3ccf0_0;
    %pad/u 32;
    %pushi/vec4 10, 0, 32;
    %mod;
    %pad/u 4;
    %store/vec4 v0000017e39c3cc50_0, 0, 4;
    %load/vec4 v0000017e39c3da60_0;
    %pad/u 32;
    %pushi/vec4 10, 0, 32;
    %div;
    %pad/u 4;
    %store/vec4 v0000017e39c3ce30_0, 0, 4;
    %load/vec4 v0000017e39c3da60_0;
    %pad/u 32;
    %pushi/vec4 10, 0, 32;
    %mod;
    %pad/u 4;
    %store/vec4 v0000017e39c3ced0_0, 0, 4;
    %jmp T_0;
    .thread T_0;
# The file index is used to find the file name in the following table.
:file_names 3;
    "N/A";
    "<interactive>";
    "clock.v";
