#! /c/Source/iverilog-install/bin/vvp
:ivl_version "12.0 (devel)" "(s20150603-1539-g2693dd32b)";
:ivl_delay_selection "TYPICAL";
:vpi_time_precision + 0;
:vpi_module "C:\iverilog\lib\ivl\system.vpi";
:vpi_module "C:\iverilog\lib\ivl\vhdl_sys.vpi";
:vpi_module "C:\iverilog\lib\ivl\vhdl_textio.vpi";
:vpi_module "C:\iverilog\lib\ivl\v2005_math.vpi";
:vpi_module "C:\iverilog\lib\ivl\va_math.vpi";
S_000001c9073fac80 .scope module, "digi_clk" "digi_clk" 2 7;
 .timescale 0 0;
    .port_info 0 /INPUT 1 "clk";
    .port_info 1 /INPUT 1 "rst";
    .port_info 2 /INPUT 1 "load";
    .port_info 3 /INPUT 4 "loadin";
    .port_info 4 /INPUT 3 "select";
    .port_info 5 /OUTPUT 4 "Anode_Activate";
    .port_info 6 /OUTPUT 7 "LED_out";
    .port_info 7 /INPUT 1 "swrst";
    .port_info 8 /INPUT 1 "swp";
    .port_info 9 /INPUT 1 "sw";
    .port_info 10 /INPUT 1 "alm";
    .port_info 11 /INPUT 1 "almin";
    .port_info 12 /OUTPUT 1 "buzz";
    .port_info 13 /INPUT 1 "tmr";
    .port_info 14 /INPUT 1 "tmrin";
    .port_info 15 /OUTPUT 1 "buzz2";
    .port_info 16 /INPUT 1 "tmrp";
    .port_info 17 /OUTPUT 4 "th1";
    .port_info 18 /OUTPUT 4 "th2";
v000001c90744b250_0 .net "Anode_Activate", 3 0, v000001c90744b890_0;  1 drivers
v000001c90744b2f0_0 .net "LED_out", 6 0, v000001c90744cbf0_0;  1 drivers
v000001c90744b390_0 .net "SEC_CNT", 16 0, v000001c90744cb50_0;  1 drivers
o000001c9073fc5a8 .functor BUFZ 4, C4<zzzz>; HiZ drive
v000001c90744b9d0_0 .net "Th1", 3 0, o000001c9073fc5a8;  0 drivers
o000001c9073fc5d8 .functor BUFZ 4, C4<zzzz>; HiZ drive
v000001c90744bb10_0 .net "Th2", 3 0, o000001c9073fc5d8;  0 drivers
o000001c9073fc608 .functor BUFZ 4, C4<zzzz>; HiZ drive
v000001c9074eb7a0_0 .net "Tm1", 3 0, o000001c9073fc608;  0 drivers
o000001c9073fc638 .functor BUFZ 4, C4<zzzz>; HiZ drive
v000001c9074ea300_0 .net "Tm2", 3 0, o000001c9073fc638;  0 drivers
o000001c9073fc668 .functor BUFZ 4, C4<zzzz>; HiZ drive
v000001c9074eabc0_0 .net "Ts1", 3 0, o000001c9073fc668;  0 drivers
o000001c9073fc698 .functor BUFZ 4, C4<zzzz>; HiZ drive
v000001c9074ea620_0 .net "Ts2", 3 0, o000001c9073fc698;  0 drivers
v000001c9074e9e00_0 .net "ah1", 3 0, v000001c90744bbb0_0;  1 drivers
v000001c9074ea440_0 .net "ah2", 3 0, v000001c90744b6b0_0;  1 drivers
o000001c9073fb6d8 .functor BUFZ 1, C4<z>; HiZ drive
v000001c9074e9ea0_0 .net "alm", 0 0, o000001c9073fb6d8;  0 drivers
v000001c9074e9a40_0 .net "alm_cnt", 16 0, v000001c90744b610_0;  1 drivers
o000001c9073faf58 .functor BUFZ 1, C4<z>; HiZ drive
v000001c9074eaee0_0 .net "almin", 0 0, o000001c9073faf58;  0 drivers
v000001c9074ea760_0 .net "am1", 3 0, v000001c90744bed0_0;  1 drivers
v000001c9074e99a0_0 .net "am2", 3 0, v000001c90744b110_0;  1 drivers
v000001c9074eb2a0_0 .net "buzz", 0 0, v000001c90744cab0_0;  1 drivers
v000001c9074ea9e0_0 .net "buzz2", 0 0, v000001c9074e8d60_0;  1 drivers
o000001c9073fbf48 .functor BUFZ 1, C4<z>; HiZ drive
v000001c9074eaf80_0 .net "clk", 0 0, o000001c9073fbf48;  0 drivers
v000001c9074e9f40_0 .var "clk_out", 0 0;
v000001c9074ea6c0_0 .var "count", 25 0;
v000001c9074e9fe0_0 .net "h1", 3 0, v000001c907362a00_0;  1 drivers
v000001c9074ea800_0 .net "h2", 3 0, v000001c907362aa0_0;  1 drivers
o000001c9073fb048 .functor BUFZ 1, C4<z>; HiZ drive
v000001c9074eb020_0 .net "load", 0 0, o000001c9073fb048;  0 drivers
o000001c9073fb078 .functor BUFZ 4, C4<zzzz>; HiZ drive
v000001c9074eb0c0_0 .net "loadin", 3 0, o000001c9073fb078;  0 drivers
v000001c9074eb160_0 .net "m1", 3 0, v000001c9074e8900_0;  1 drivers
v000001c9074eae40_0 .net "m2", 3 0, v000001c9074e8860_0;  1 drivers
o000001c9073fb138 .functor BUFZ 1, C4<z>; HiZ drive
v000001c9074e9ae0_0 .net "rst", 0 0, o000001c9073fb138;  0 drivers
v000001c9074eaa80_0 .net "s1", 3 0, v000001c9074e8220_0;  1 drivers
v000001c9074ea8a0_0 .net "s2", 3 0, v000001c9074e8f40_0;  1 drivers
v000001c9074ea940_0 .net "sec_cnt", 16 0, v000001c9074e84a0_0;  1 drivers
o000001c9073fb738 .functor BUFZ 3, C4<zzz>; HiZ drive
v000001c9074ea080_0 .net "select", 2 0, o000001c9073fb738;  0 drivers
v000001c9074e9b80_0 .net "sh1", 3 0, v000001c90744b7f0_0;  1 drivers
v000001c9074eb5c0_0 .net "sh2", 3 0, v000001c90744c8d0_0;  1 drivers
v000001c9074ea120_0 .net "sm1", 3 0, v000001c90744bd90_0;  1 drivers
v000001c9074ea3a0_0 .net "sm2", 3 0, v000001c90744b930_0;  1 drivers
v000001c9074eb340_0 .net "ss1", 3 0, v000001c90744c650_0;  1 drivers
v000001c9074eb520_0 .net "ss2", 3 0, v000001c90744cdd0_0;  1 drivers
o000001c9073fb768 .functor BUFZ 1, C4<z>; HiZ drive
v000001c9074ea260_0 .net "sw", 0 0, o000001c9073fb768;  0 drivers
o000001c9073fc338 .functor BUFZ 1, C4<z>; HiZ drive
v000001c9074eac60_0 .net "swp", 0 0, o000001c9073fc338;  0 drivers
o000001c9073fc368 .functor BUFZ 1, C4<z>; HiZ drive
v000001c9074e9cc0_0 .net "swrst", 0 0, o000001c9073fc368;  0 drivers
v000001c9074ea580_0 .var "th1", 3 0;
v000001c9074ea1c0_0 .var "th2", 3 0;
v000001c9074e9900_0 .var "tm1", 3 0;
v000001c9074ea4e0_0 .var "tm2", 3 0;
o000001c9073fb798 .functor BUFZ 1, C4<z>; HiZ drive
v000001c9074eab20_0 .net "tmr", 0 0, o000001c9073fb798;  0 drivers
v000001c9074e9c20_0 .net "tmr_cnt", 16 0, v000001c90744cd30_0;  1 drivers
o000001c9073fb258 .functor BUFZ 1, C4<z>; HiZ drive
v000001c9074e9d60_0 .net "tmrin", 0 0, o000001c9073fb258;  0 drivers
o000001c9073fb7f8 .functor BUFZ 1, C4<z>; HiZ drive
v000001c9074ead00_0 .net "tmrp", 0 0, o000001c9073fb7f8;  0 drivers
v000001c9074eada0_0 .var "ts1", 3 0;
v000001c9074eb200_0 .var "ts2", 3 0;
E_000001c9073ed570 .event negedge, v000001c90744b570_0;
S_000001c907362870 .scope module, "Clock" "Clock" 2 70, 3 1 0, S_000001c9073fac80;
 .timescale 0 0;
    .port_info 0 /INPUT 1 "clk_out";
    .port_info 1 /INPUT 1 "rst";
    .port_info 2 /INPUT 1 "load";
    .port_info 3 /INPUT 1 "almin";
    .port_info 4 /INPUT 1 "tmrin";
    .port_info 5 /OUTPUT 17 "sec_cnt";
    .port_info 6 /OUTPUT 4 "h1";
    .port_info 7 /OUTPUT 4 "h2";
    .port_info 8 /OUTPUT 4 "m1";
    .port_info 9 /OUTPUT 4 "m2";
    .port_info 10 /OUTPUT 4 "s1";
    .port_info 11 /OUTPUT 4 "s2";
    .port_info 12 /INPUT 4 "loadin";
v000001c9073d1a20_0 .net "almin", 0 0, o000001c9073faf58;  alias, 0 drivers
v000001c907363240_0 .net "clk_out", 0 0, v000001c9074e9f40_0;  1 drivers
v000001c907362a00_0 .var "h1", 3 0;
v000001c907362aa0_0 .var "h2", 3 0;
v000001c907362b40_0 .var "hh", 4 0;
v000001c907362be0_0 .net "load", 0 0, o000001c9073fb048;  alias, 0 drivers
v000001c9073b5140_0 .net "loadin", 3 0, o000001c9073fb078;  alias, 0 drivers
v000001c9074e8900_0 .var "m1", 3 0;
v000001c9074e8860_0 .var "m2", 3 0;
v000001c9074e85e0_0 .var "mm", 5 0;
v000001c9074e8e00_0 .net "rst", 0 0, o000001c9073fb138;  alias, 0 drivers
v000001c9074e8220_0 .var "s1", 3 0;
v000001c9074e8f40_0 .var "s2", 3 0;
v000001c9074e84a0_0 .var "sec_cnt", 16 0;
o000001c9073fb1f8 .functor BUFZ 3, C4<zzz>; HiZ drive
v000001c9074e8680_0 .net "select", 2 0, o000001c9073fb1f8;  0 drivers
v000001c9074e8ea0_0 .var "ss", 5 0;
v000001c9074e8fe0_0 .net "tmrin", 0 0, o000001c9073fb258;  alias, 0 drivers
v000001c9074e80e0_0 .var "update_cnt", 0 0;
E_000001c9073ee2b0 .event posedge, v000001c9074e8e00_0, v000001c907363240_0;
S_000001c9073b52f0 .scope module, "Timer" "Timer" 2 62, 4 1 0, S_000001c9073fac80;
 .timescale 0 0;
    .port_info 0 /INPUT 1 "clk_out";
    .port_info 1 /INPUT 1 "tmr";
    .port_info 2 /INPUT 1 "tmrp";
    .port_info 3 /INPUT 1 "tmrin";
    .port_info 4 /INPUT 4 "loadin";
    .port_info 5 /INPUT 1 "load";
    .port_info 6 /INPUT 1 "almin";
    .port_info 7 /INPUT 1 "alm";
    .port_info 8 /INPUT 1 "sw";
    .port_info 9 /OUTPUT 17 "tmr_cnt";
    .port_info 10 /INPUT 3 "select";
    .port_info 11 /OUTPUT 1 "buzz2";
v000001c9074e89a0_0 .var "Th1", 3 0;
v000001c9074e8a40_0 .var "Th2", 3 0;
v000001c9074e8b80_0 .var "Thh", 4 0;
v000001c9074e8720_0 .var "Tm1", 3 0;
v000001c9074e8180_0 .var "Tm2", 3 0;
v000001c9074e8c20_0 .var "Tmm", 5 0;
v000001c9074e8540_0 .var "Ts1", 3 0;
v000001c9074e82c0_0 .var "Ts2", 3 0;
v000001c9074e87c0_0 .var "Tss", 5 0;
v000001c9074e8ae0_0 .net "alm", 0 0, o000001c9073fb6d8;  alias, 0 drivers
v000001c9074e8cc0_0 .net "almin", 0 0, o000001c9073faf58;  alias, 0 drivers
v000001c9074e8d60_0 .var "buzz2", 0 0;
v000001c9074e8360_0 .net "clk_out", 0 0, v000001c9074e9f40_0;  alias, 1 drivers
v000001c9074e8400_0 .net "load", 0 0, o000001c9073fb048;  alias, 0 drivers
v000001c90744c470_0 .net "loadin", 3 0, o000001c9073fb078;  alias, 0 drivers
v000001c90744c150_0 .net "select", 2 0, o000001c9073fb738;  alias, 0 drivers
v000001c90744c1f0_0 .net "sw", 0 0, o000001c9073fb768;  alias, 0 drivers
v000001c90744ca10_0 .net "tmr", 0 0, o000001c9073fb798;  alias, 0 drivers
v000001c90744cd30_0 .var "tmr_cnt", 16 0;
v000001c90744bf70_0 .net "tmrin", 0 0, o000001c9073fb258;  alias, 0 drivers
v000001c90744b1b0_0 .net "tmrp", 0 0, o000001c9073fb7f8;  alias, 0 drivers
v000001c90744c330_0 .var "update_cnt", 0 0;
E_000001c9073ed4b0 .event posedge, v000001c907363240_0;
S_000001c9073a2610 .scope module, "alarm" "Alarm" 2 54, 5 1 0, S_000001c9073fac80;
 .timescale 0 0;
    .port_info 0 /OUTPUT 4 "ah1";
    .port_info 1 /OUTPUT 4 "ah2";
    .port_info 2 /OUTPUT 4 "am1";
    .port_info 3 /OUTPUT 4 "am2";
    .port_info 4 /OUTPUT 17 "alm_cnt";
    .port_info 5 /OUTPUT 1 "buzz";
    .port_info 6 /INPUT 1 "clk_out";
    .port_info 7 /INPUT 4 "loadin";
    .port_info 8 /INPUT 1 "load";
    .port_info 9 /INPUT 1 "almin";
    .port_info 10 /INPUT 1 "alm";
    .port_info 11 /INPUT 17 "sec_cnt";
    .port_info 12 /INPUT 3 "select";
v000001c90744bbb0_0 .var "ah1", 3 0;
v000001c90744b6b0_0 .var "ah2", 3 0;
v000001c90744bc50_0 .net "alm", 0 0, o000001c9073fb6d8;  alias, 0 drivers
v000001c90744b610_0 .var "alm_cnt", 16 0;
v000001c90744c790_0 .net "almin", 0 0, o000001c9073faf58;  alias, 0 drivers
v000001c90744bed0_0 .var "am1", 3 0;
v000001c90744b110_0 .var "am2", 3 0;
v000001c90744cab0_0 .var "buzz", 0 0;
v000001c90744c290_0 .net "clk_out", 0 0, v000001c9074e9f40_0;  alias, 1 drivers
v000001c90744c0b0_0 .net "load", 0 0, o000001c9073fb048;  alias, 0 drivers
v000001c90744c3d0_0 .net "loadin", 3 0, o000001c9073fb078;  alias, 0 drivers
v000001c90744cf10_0 .net "sec_cnt", 16 0, v000001c90744cb50_0;  alias, 1 drivers
v000001c90744c6f0_0 .net "select", 2 0, o000001c9073fb738;  alias, 0 drivers
v000001c90744c010_0 .var "update_cnt", 0 0;
S_000001c9073a27a0 .scope module, "dis" "sseg" 2 115, 6 1 0, S_000001c9073fac80;
 .timescale 0 0;
    .port_info 0 /INPUT 1 "clk_100MHz";
    .port_info 1 /INPUT 4 "ones";
    .port_info 2 /INPUT 4 "tens";
    .port_info 3 /INPUT 4 "hundreds";
    .port_info 4 /INPUT 4 "thousands";
    .port_info 5 /OUTPUT 7 "SEG";
    .port_info 6 /OUTPUT 4 "AN";
P_000001c9073c06e0 .param/l "EIGHT" 0 6 21, C4<0000000>;
P_000001c9073c0718 .param/l "FIVE" 0 6 18, C4<0100100>;
P_000001c9073c0750 .param/l "FOUR" 0 6 17, C4<1001100>;
P_000001c9073c0788 .param/l "NINE" 0 6 22, C4<0000100>;
P_000001c9073c07c0 .param/l "ONE" 0 6 14, C4<1001111>;
P_000001c9073c07f8 .param/l "SEVEN" 0 6 20, C4<0001111>;
P_000001c9073c0830 .param/l "SIX" 0 6 19, C4<0100000>;
P_000001c9073c0868 .param/l "THREE" 0 6 16, C4<0000110>;
P_000001c9073c08a0 .param/l "TWO" 0 6 15, C4<0010010>;
P_000001c9073c08d8 .param/l "ZERO" 0 6 13, C4<0000001>;
v000001c90744b890_0 .var "AN", 3 0;
v000001c90744cbf0_0 .var "SEG", 6 0;
v000001c90744c510_0 .var "anode_select", 1 0;
v000001c90744bcf0_0 .var "anode_timer", 16 0;
v000001c90744b570_0 .net "clk_100MHz", 0 0, o000001c9073fbf48;  alias, 0 drivers
v000001c90744ba70_0 .net "hundreds", 3 0, v000001c9074ea4e0_0;  1 drivers
v000001c90744b750_0 .net "ones", 3 0, v000001c9074eb200_0;  1 drivers
v000001c90744b430_0 .net "tens", 3 0, v000001c9074eada0_0;  1 drivers
v000001c90744c970_0 .net "thousands", 3 0, v000001c9074e9900_0;  1 drivers
E_000001c9073ed870/0 .event anyedge, v000001c90744c510_0, v000001c90744b750_0, v000001c90744b430_0, v000001c90744ba70_0;
E_000001c9073ed870/1 .event anyedge, v000001c90744c970_0;
E_000001c9073ed870 .event/or E_000001c9073ed870/0, E_000001c9073ed870/1;
E_000001c9073ed8f0 .event anyedge, v000001c90744c510_0;
E_000001c9073edab0 .event posedge, v000001c90744b570_0;
S_000001c9073c0920 .scope module, "stopwatch" "StopWatch" 2 46, 7 1 0, S_000001c9073fac80;
 .timescale 0 0;
    .port_info 0 /INPUT 1 "clk_out";
    .port_info 1 /INPUT 1 "swrst";
    .port_info 2 /INPUT 1 "swp";
    .port_info 3 /INPUT 1 "sw";
    .port_info 4 /OUTPUT 17 "SEC_CNT";
    .port_info 5 /OUTPUT 4 "sh1";
    .port_info 6 /OUTPUT 4 "sh2";
    .port_info 7 /OUTPUT 4 "sm1";
    .port_info 8 /OUTPUT 4 "sm2";
    .port_info 9 /OUTPUT 4 "ss1";
    .port_info 10 /OUTPUT 4 "ss2";
v000001c90744cb50_0 .var "SEC_CNT", 16 0;
v000001c90744c5b0_0 .net "clk_out", 0 0, v000001c9074e9f40_0;  alias, 1 drivers
v000001c90744b7f0_0 .var "sh1", 3 0;
v000001c90744c8d0_0 .var "sh2", 3 0;
v000001c90744cc90_0 .var "shh", 4 0;
v000001c90744bd90_0 .var "sm1", 3 0;
v000001c90744b930_0 .var "sm2", 3 0;
v000001c90744b4d0_0 .var "smm", 5 0;
v000001c90744c650_0 .var "ss1", 3 0;
v000001c90744cdd0_0 .var "ss2", 3 0;
v000001c90744be30_0 .var "sss", 5 0;
v000001c90744ce70_0 .net "sw", 0 0, o000001c9073fb768;  alias, 0 drivers
v000001c90744c830_0 .net "swp", 0 0, o000001c9073fc338;  alias, 0 drivers
v000001c90744b070_0 .net "swrst", 0 0, o000001c9073fc368;  alias, 0 drivers
E_000001c9073edc70 .event posedge, v000001c90744b070_0, v000001c907363240_0;
    .scope S_000001c9073c0920;
T_0 ;
    %wait E_000001c9073edc70;
    %load/vec4 v000001c90744ce70_0;
    %flag_set/vec4 8;
    %jmp/0xz  T_0.0, 8;
    %load/vec4 v000001c90744b070_0;
    %flag_set/vec4 8;
    %jmp/0xz  T_0.2, 8;
    %pushi/vec4 0, 0, 17;
    %assign/vec4 v000001c90744cb50_0, 0;
    %pushi/vec4 0, 0, 5;
    %assign/vec4 v000001c90744cc90_0, 0;
    %pushi/vec4 0, 0, 6;
    %assign/vec4 v000001c90744b4d0_0, 0;
    %pushi/vec4 0, 0, 6;
    %assign/vec4 v000001c90744be30_0, 0;
    %pushi/vec4 0, 0, 4;
    %assign/vec4 v000001c90744b7f0_0, 0;
    %pushi/vec4 0, 0, 4;
    %assign/vec4 v000001c90744c8d0_0, 0;
    %pushi/vec4 0, 0, 4;
    %assign/vec4 v000001c90744bd90_0, 0;
    %pushi/vec4 0, 0, 4;
    %assign/vec4 v000001c90744b930_0, 0;
    %pushi/vec4 0, 0, 4;
    %assign/vec4 v000001c90744c650_0, 0;
    %pushi/vec4 0, 0, 4;
    %assign/vec4 v000001c90744cdd0_0, 0;
    %jmp T_0.3;
T_0.2 ;
    %load/vec4 v000001c90744c830_0;
    %pad/u 32;
    %cmpi/e 0, 0, 32;
    %jmp/0xz  T_0.4, 4;
    %load/vec4 v000001c90744cb50_0;
    %addi 1, 0, 17;
    %assign/vec4 v000001c90744cb50_0, 0;
T_0.4 ;
T_0.3 ;
    %load/vec4 v000001c90744cb50_0;
    %pad/u 32;
    %pushi/vec4 3600, 0, 32;
    %div;
    %pad/u 5;
    %assign/vec4 v000001c90744cc90_0, 0;
    %load/vec4 v000001c90744cb50_0;
    %pad/u 32;
    %pushi/vec4 3600, 0, 32;
    %mod;
    %pushi/vec4 60, 0, 32;
    %div;
    %pad/u 6;
    %assign/vec4 v000001c90744b4d0_0, 0;
    %load/vec4 v000001c90744cb50_0;
    %pad/u 32;
    %pushi/vec4 60, 0, 32;
    %mod;
    %pad/u 6;
    %assign/vec4 v000001c90744be30_0, 0;
    %load/vec4 v000001c90744cc90_0;
    %pad/u 32;
    %pushi/vec4 10, 0, 32;
    %div;
    %pad/u 4;
    %store/vec4 v000001c90744b7f0_0, 0, 4;
    %load/vec4 v000001c90744cc90_0;
    %pad/u 32;
    %pushi/vec4 10, 0, 32;
    %mod;
    %pad/u 4;
    %store/vec4 v000001c90744c8d0_0, 0, 4;
    %load/vec4 v000001c90744b4d0_0;
    %pad/u 32;
    %pushi/vec4 10, 0, 32;
    %div;
    %pad/u 4;
    %store/vec4 v000001c90744bd90_0, 0, 4;
    %load/vec4 v000001c90744b4d0_0;
    %pad/u 32;
    %pushi/vec4 10, 0, 32;
    %mod;
    %pad/u 4;
    %store/vec4 v000001c90744b930_0, 0, 4;
    %load/vec4 v000001c90744be30_0;
    %pad/u 32;
    %pushi/vec4 10, 0, 32;
    %div;
    %pad/u 4;
    %store/vec4 v000001c90744c650_0, 0, 4;
    %load/vec4 v000001c90744be30_0;
    %pad/u 32;
    %pushi/vec4 10, 0, 32;
    %mod;
    %pad/u 4;
    %store/vec4 v000001c90744cdd0_0, 0, 4;
T_0.0 ;
    %jmp T_0;
    .thread T_0;
    .scope S_000001c9073a2610;
T_1 ;
    %wait E_000001c9073ed4b0;
    %pushi/vec4 0, 0, 1;
    %assign/vec4 v000001c90744c010_0, 0;
    %load/vec4 v000001c90744c790_0;
    %pad/u 32;
    %cmpi/e 1, 0, 32;
    %flag_get/vec4 4;
    %jmp/0 T_1.2, 4;
    %load/vec4 v000001c90744c0b0_0;
    %pad/u 32;
    %pushi/vec4 0, 0, 32;
    %cmp/e;
    %flag_get/vec4 4;
    %and;
T_1.2;
    %flag_set/vec4 8;
    %jmp/0xz  T_1.0, 8;
    %load/vec4 v000001c90744c6f0_0;
    %parti/s 1, 2, 3;
    %load/vec4 v000001c90744c6f0_0;
    %parti/s 1, 1, 2;
    %concat/vec4; draw_concat_vec4
    %load/vec4 v000001c90744c6f0_0;
    %parti/s 1, 0, 2;
    %concat/vec4; draw_concat_vec4
    %dup/vec4;
    %pushi/vec4 2, 0, 3;
    %cmp/u;
    %jmp/1 T_1.3, 6;
    %dup/vec4;
    %pushi/vec4 3, 0, 3;
    %cmp/u;
    %jmp/1 T_1.4, 6;
    %dup/vec4;
    %pushi/vec4 4, 0, 3;
    %cmp/u;
    %jmp/1 T_1.5, 6;
    %dup/vec4;
    %pushi/vec4 5, 0, 3;
    %cmp/u;
    %jmp/1 T_1.6, 6;
    %jmp T_1.7;
T_1.3 ;
    %load/vec4 v000001c90744c3d0_0;
    %pad/u 32;
    %cmpi/u 9, 0, 32;
    %flag_or 5, 4;
    %jmp/0xz  T_1.8, 5;
    %load/vec4 v000001c90744c3d0_0;
    %assign/vec4 v000001c90744b110_0, 0;
T_1.8 ;
    %jmp T_1.7;
T_1.4 ;
    %load/vec4 v000001c90744c3d0_0;
    %pad/u 32;
    %cmpi/u 5, 0, 32;
    %flag_or 5, 4;
    %jmp/0xz  T_1.10, 5;
    %load/vec4 v000001c90744c3d0_0;
    %assign/vec4 v000001c90744bed0_0, 0;
T_1.10 ;
    %jmp T_1.7;
T_1.5 ;
    %load/vec4 v000001c90744c3d0_0;
    %pad/u 32;
    %cmpi/u 4, 0, 32;
    %flag_or 5, 4;
    %jmp/0xz  T_1.12, 5;
    %load/vec4 v000001c90744c3d0_0;
    %assign/vec4 v000001c90744b6b0_0, 0;
T_1.12 ;
    %jmp T_1.7;
T_1.6 ;
    %load/vec4 v000001c90744c3d0_0;
    %pad/u 32;
    %cmpi/u 2, 0, 32;
    %flag_or 5, 4;
    %jmp/0xz  T_1.14, 5;
    %load/vec4 v000001c90744c3d0_0;
    %assign/vec4 v000001c90744bbb0_0, 0;
T_1.14 ;
    %jmp T_1.7;
T_1.7 ;
    %pop/vec4 1;
T_1.0 ;
    %load/vec4 v000001c90744c010_0;
    %flag_set/vec4 8;
    %jmp/0xz  T_1.16, 8;
    %load/vec4 v000001c90744b110_0;
    %pad/u 17;
    %muli 60, 0, 17;
    %load/vec4 v000001c90744bed0_0;
    %pad/u 17;
    %muli 600, 0, 17;
    %add;
    %load/vec4 v000001c90744b6b0_0;
    %pad/u 17;
    %muli 3600, 0, 17;
    %add;
    %load/vec4 v000001c90744bbb0_0;
    %pad/u 17;
    %muli 36000, 0, 17;
    %add;
    %assign/vec4 v000001c90744b610_0, 0;
T_1.16 ;
    %load/vec4 v000001c90744bc50_0;
    %pad/u 32;
    %cmpi/e 1, 0, 32;
    %jmp/0xz  T_1.18, 4;
    %load/vec4 v000001c90744b610_0;
    %load/vec4 v000001c90744cf10_0;
    %cmp/u;
    %flag_or 5, 4;
    %flag_get/vec4 5;
    %jmp/0 T_1.22, 5;
    %load/vec4 v000001c90744cf10_0;
    %pad/u 32;
    %load/vec4 v000001c90744b610_0;
    %pad/u 32;
    %addi 60, 0, 32;
    %cmp/u;
    %flag_get/vec4 5;
    %and;
T_1.22;
    %flag_set/vec4 8;
    %jmp/0xz  T_1.20, 8;
    %pushi/vec4 1, 0, 1;
    %store/vec4 v000001c90744cab0_0, 0, 1;
    %jmp T_1.21;
T_1.20 ;
    %pushi/vec4 0, 0, 1;
    %store/vec4 v000001c90744cab0_0, 0, 1;
T_1.21 ;
    %jmp T_1.19;
T_1.18 ;
    %pushi/vec4 0, 0, 1;
    %store/vec4 v000001c90744cab0_0, 0, 1;
T_1.19 ;
    %jmp T_1;
    .thread T_1;
    .scope S_000001c9073b52f0;
T_2 ;
    %pushi/vec4 0, 0, 5;
    %store/vec4 v000001c9074e8b80_0, 0, 5;
    %pushi/vec4 0, 0, 6;
    %store/vec4 v000001c9074e8c20_0, 0, 6;
    %pushi/vec4 0, 0, 6;
    %store/vec4 v000001c9074e87c0_0, 0, 6;
    %end;
    .thread T_2;
    .scope S_000001c9073b52f0;
T_3 ;
    %wait E_000001c9073ed4b0;
    %pushi/vec4 0, 0, 1;
    %assign/vec4 v000001c90744c330_0, 0;
    %load/vec4 v000001c90744bf70_0;
    %pad/u 32;
    %cmpi/e 1, 0, 32;
    %flag_get/vec4 4;
    %jmp/0 T_3.3, 4;
    %load/vec4 v000001c9074e8400_0;
    %pad/u 32;
    %pushi/vec4 0, 0, 32;
    %cmp/e;
    %flag_get/vec4 4;
    %and;
T_3.3;
    %flag_set/vec4 9;
    %flag_get/vec4 9;
    %jmp/0 T_3.2, 9;
    %load/vec4 v000001c9074e8cc0_0;
    %pad/u 32;
    %pushi/vec4 0, 0, 32;
    %cmp/e;
    %flag_get/vec4 4;
    %and;
T_3.2;
    %flag_set/vec4 8;
    %jmp/0xz  T_3.0, 8;
    %pushi/vec4 1, 0, 1;
    %assign/vec4 v000001c90744c330_0, 0;
    %load/vec4 v000001c90744c150_0;
    %parti/s 1, 2, 3;
    %load/vec4 v000001c90744c150_0;
    %parti/s 1, 1, 2;
    %concat/vec4; draw_concat_vec4
    %load/vec4 v000001c90744c150_0;
    %parti/s 1, 0, 2;
    %concat/vec4; draw_concat_vec4
    %dup/vec4;
    %pushi/vec4 0, 0, 3;
    %cmp/u;
    %jmp/1 T_3.4, 6;
    %dup/vec4;
    %pushi/vec4 1, 0, 3;
    %cmp/u;
    %jmp/1 T_3.5, 6;
    %dup/vec4;
    %pushi/vec4 2, 0, 3;
    %cmp/u;
    %jmp/1 T_3.6, 6;
    %dup/vec4;
    %pushi/vec4 3, 0, 3;
    %cmp/u;
    %jmp/1 T_3.7, 6;
    %dup/vec4;
    %pushi/vec4 4, 0, 3;
    %cmp/u;
    %jmp/1 T_3.8, 6;
    %dup/vec4;
    %pushi/vec4 5, 0, 3;
    %cmp/u;
    %jmp/1 T_3.9, 6;
    %jmp T_3.10;
T_3.4 ;
    %load/vec4 v000001c90744c470_0;
    %pad/u 32;
    %cmpi/u 9, 0, 32;
    %flag_or 5, 4;
    %jmp/0xz  T_3.11, 5;
    %load/vec4 v000001c90744c470_0;
    %assign/vec4 v000001c9074e82c0_0, 0;
T_3.11 ;
    %jmp T_3.10;
T_3.5 ;
    %load/vec4 v000001c90744c470_0;
    %pad/u 32;
    %cmpi/u 5, 0, 32;
    %flag_or 5, 4;
    %jmp/0xz  T_3.13, 5;
    %load/vec4 v000001c90744c470_0;
    %assign/vec4 v000001c9074e8540_0, 0;
T_3.13 ;
    %jmp T_3.10;
T_3.6 ;
    %load/vec4 v000001c90744c470_0;
    %pad/u 32;
    %cmpi/u 9, 0, 32;
    %flag_or 5, 4;
    %jmp/0xz  T_3.15, 5;
    %load/vec4 v000001c90744c470_0;
    %assign/vec4 v000001c9074e8180_0, 0;
T_3.15 ;
    %jmp T_3.10;
T_3.7 ;
    %load/vec4 v000001c90744c470_0;
    %pad/u 32;
    %cmpi/u 5, 0, 32;
    %flag_or 5, 4;
    %jmp/0xz  T_3.17, 5;
    %load/vec4 v000001c90744c470_0;
    %assign/vec4 v000001c9074e8720_0, 0;
T_3.17 ;
    %jmp T_3.10;
T_3.8 ;
    %load/vec4 v000001c90744c470_0;
    %pad/u 32;
    %cmpi/u 4, 0, 32;
    %flag_or 5, 4;
    %jmp/0xz  T_3.19, 5;
    %load/vec4 v000001c90744c470_0;
    %assign/vec4 v000001c9074e8a40_0, 0;
T_3.19 ;
    %jmp T_3.10;
T_3.9 ;
    %load/vec4 v000001c90744c470_0;
    %pad/u 32;
    %cmpi/u 2, 0, 32;
    %flag_or 5, 4;
    %jmp/0xz  T_3.21, 5;
    %load/vec4 v000001c90744c470_0;
    %assign/vec4 v000001c9074e89a0_0, 0;
T_3.21 ;
    %jmp T_3.10;
T_3.10 ;
    %pop/vec4 1;
T_3.0 ;
    %load/vec4 v000001c90744c330_0;
    %flag_set/vec4 8;
    %jmp/0xz  T_3.23, 8;
    %load/vec4 v000001c9074e82c0_0;
    %pad/u 17;
    %load/vec4 v000001c9074e8540_0;
    %pad/u 17;
    %muli 10, 0, 17;
    %add;
    %load/vec4 v000001c9074e8180_0;
    %pad/u 17;
    %muli 60, 0, 17;
    %add;
    %load/vec4 v000001c9074e8720_0;
    %pad/u 17;
    %muli 600, 0, 17;
    %add;
    %load/vec4 v000001c9074e8a40_0;
    %pad/u 17;
    %muli 3600, 0, 17;
    %add;
    %load/vec4 v000001c9074e89a0_0;
    %pad/u 17;
    %muli 36000, 0, 17;
    %add;
    %assign/vec4 v000001c90744cd30_0, 0;
T_3.23 ;
    %load/vec4 v000001c90744ca10_0;
    %pad/u 32;
    %cmpi/e 1, 0, 32;
    %flag_get/vec4 4;
    %jmp/0 T_3.28, 4;
    %load/vec4 v000001c90744c1f0_0;
    %pad/u 32;
    %pushi/vec4 0, 0, 32;
    %cmp/e;
    %flag_get/vec4 4;
    %and;
T_3.28;
    %flag_set/vec4 9;
    %flag_get/vec4 9;
    %jmp/0 T_3.27, 9;
    %load/vec4 v000001c9074e8ae0_0;
    %pad/u 32;
    %pushi/vec4 0, 0, 32;
    %cmp/e;
    %flag_get/vec4 4;
    %and;
T_3.27;
    %flag_set/vec4 8;
    %jmp/0xz  T_3.25, 8;
    %load/vec4 v000001c90744b1b0_0;
    %pad/u 32;
    %cmpi/e 0, 0, 32;
    %flag_get/vec4 4;
    %jmp/0 T_3.31, 4;
    %pushi/vec4 0, 0, 32;
    %load/vec4 v000001c90744cd30_0;
    %pad/u 32;
    %cmp/u;
    %flag_get/vec4 5;
    %and;
T_3.31;
    %flag_set/vec4 8;
    %jmp/0xz  T_3.29, 8;
    %load/vec4 v000001c90744cd30_0;
    %subi 1, 0, 17;
    %store/vec4 v000001c90744cd30_0, 0, 17;
T_3.29 ;
    %load/vec4 v000001c90744cd30_0;
    %pad/u 32;
    %pushi/vec4 3600, 0, 32;
    %div;
    %pad/u 5;
    %assign/vec4 v000001c9074e8b80_0, 0;
    %load/vec4 v000001c90744cd30_0;
    %pad/u 32;
    %pushi/vec4 3600, 0, 32;
    %mod;
    %pushi/vec4 60, 0, 32;
    %div;
    %pad/u 6;
    %assign/vec4 v000001c9074e8c20_0, 0;
    %load/vec4 v000001c90744cd30_0;
    %pad/u 32;
    %pushi/vec4 60, 0, 32;
    %mod;
    %pad/u 6;
    %assign/vec4 v000001c9074e87c0_0, 0;
    %load/vec4 v000001c9074e8b80_0;
    %pad/u 32;
    %pushi/vec4 10, 0, 32;
    %div;
    %pad/u 4;
    %assign/vec4 v000001c9074e89a0_0, 0;
    %load/vec4 v000001c9074e8b80_0;
    %pad/u 32;
    %pushi/vec4 10, 0, 32;
    %mod;
    %pad/u 4;
    %assign/vec4 v000001c9074e8a40_0, 0;
    %load/vec4 v000001c9074e8c20_0;
    %pad/u 32;
    %pushi/vec4 10, 0, 32;
    %div;
    %pad/u 4;
    %assign/vec4 v000001c9074e8720_0, 0;
    %load/vec4 v000001c9074e8c20_0;
    %pad/u 32;
    %pushi/vec4 10, 0, 32;
    %mod;
    %pad/u 4;
    %assign/vec4 v000001c9074e8180_0, 0;
    %load/vec4 v000001c9074e87c0_0;
    %pad/u 32;
    %pushi/vec4 10, 0, 32;
    %div;
    %pad/u 4;
    %assign/vec4 v000001c9074e8540_0, 0;
    %load/vec4 v000001c9074e87c0_0;
    %pad/u 32;
    %pushi/vec4 10, 0, 32;
    %mod;
    %pad/u 4;
    %assign/vec4 v000001c9074e82c0_0, 0;
    %load/vec4 v000001c90744cd30_0;
    %pad/u 32;
    %cmpi/e 0, 0, 32;
    %jmp/0xz  T_3.32, 4;
    %pushi/vec4 1, 0, 1;
    %store/vec4 v000001c9074e8d60_0, 0, 1;
    %jmp T_3.33;
T_3.32 ;
    %pushi/vec4 0, 0, 1;
    %store/vec4 v000001c9074e8d60_0, 0, 1;
T_3.33 ;
    %jmp T_3.26;
T_3.25 ;
    %pushi/vec4 0, 0, 1;
    %store/vec4 v000001c9074e8d60_0, 0, 1;
T_3.26 ;
    %jmp T_3;
    .thread T_3;
    .scope S_000001c907362870;
T_4 ;
    %wait E_000001c9073ee2b0;
    %pushi/vec4 0, 0, 1;
    %assign/vec4 v000001c9074e80e0_0, 0;
    %load/vec4 v000001c9074e8e00_0;
    %flag_set/vec4 8;
    %jmp/0xz  T_4.0, 8;
    %pushi/vec4 0, 0, 17;
    %assign/vec4 v000001c9074e84a0_0, 0;
    %pushi/vec4 0, 0, 5;
    %assign/vec4 v000001c907362b40_0, 0;
    %pushi/vec4 0, 0, 6;
    %assign/vec4 v000001c9074e85e0_0, 0;
    %pushi/vec4 0, 0, 6;
    %assign/vec4 v000001c9074e8ea0_0, 0;
    %pushi/vec4 0, 0, 4;
    %assign/vec4 v000001c907362a00_0, 0;
    %pushi/vec4 0, 0, 4;
    %assign/vec4 v000001c907362aa0_0, 0;
    %pushi/vec4 0, 0, 4;
    %assign/vec4 v000001c9074e8900_0, 0;
    %pushi/vec4 0, 0, 4;
    %assign/vec4 v000001c9074e8860_0, 0;
    %pushi/vec4 0, 0, 4;
    %assign/vec4 v000001c9074e8220_0, 0;
    %pushi/vec4 0, 0, 4;
    %assign/vec4 v000001c9074e8f40_0, 0;
    %jmp T_4.1;
T_4.0 ;
    %load/vec4 v000001c9074e84a0_0;
    %pad/u 32;
    %cmpi/e 86400, 0, 32;
    %jmp/0xz  T_4.2, 4;
    %pushi/vec4 0, 0, 17;
    %assign/vec4 v000001c9074e84a0_0, 0;
    %pushi/vec4 0, 0, 5;
    %assign/vec4 v000001c907362b40_0, 0;
    %pushi/vec4 0, 0, 6;
    %assign/vec4 v000001c9074e85e0_0, 0;
    %pushi/vec4 0, 0, 6;
    %assign/vec4 v000001c9074e8ea0_0, 0;
    %pushi/vec4 0, 0, 4;
    %assign/vec4 v000001c907362a00_0, 0;
    %pushi/vec4 0, 0, 4;
    %assign/vec4 v000001c907362aa0_0, 0;
    %pushi/vec4 0, 0, 4;
    %assign/vec4 v000001c9074e8900_0, 0;
    %pushi/vec4 0, 0, 4;
    %assign/vec4 v000001c9074e8860_0, 0;
    %pushi/vec4 0, 0, 4;
    %assign/vec4 v000001c9074e8220_0, 0;
    %pushi/vec4 0, 0, 4;
    %assign/vec4 v000001c9074e8f40_0, 0;
    %jmp T_4.3;
T_4.2 ;
    %load/vec4 v000001c907362be0_0;
    %pad/u 32;
    %cmpi/e 1, 0, 32;
    %flag_get/vec4 4;
    %jmp/0 T_4.7, 4;
    %load/vec4 v000001c9073d1a20_0;
    %pad/u 32;
    %pushi/vec4 0, 0, 32;
    %cmp/e;
    %flag_get/vec4 4;
    %and;
T_4.7;
    %flag_set/vec4 9;
    %flag_get/vec4 9;
    %jmp/0 T_4.6, 9;
    %load/vec4 v000001c9074e8fe0_0;
    %pad/u 32;
    %pushi/vec4 0, 0, 32;
    %cmp/e;
    %flag_get/vec4 4;
    %and;
T_4.6;
    %flag_set/vec4 8;
    %jmp/0xz  T_4.4, 8;
    %load/vec4 v000001c9074e8680_0;
    %parti/s 1, 2, 3;
    %load/vec4 v000001c9074e8680_0;
    %parti/s 1, 1, 2;
    %concat/vec4; draw_concat_vec4
    %load/vec4 v000001c9074e8680_0;
    %parti/s 1, 0, 2;
    %concat/vec4; draw_concat_vec4
    %dup/vec4;
    %pushi/vec4 0, 0, 3;
    %cmp/u;
    %jmp/1 T_4.8, 6;
    %dup/vec4;
    %pushi/vec4 1, 0, 3;
    %cmp/u;
    %jmp/1 T_4.9, 6;
    %dup/vec4;
    %pushi/vec4 2, 0, 3;
    %cmp/u;
    %jmp/1 T_4.10, 6;
    %dup/vec4;
    %pushi/vec4 3, 0, 3;
    %cmp/u;
    %jmp/1 T_4.11, 6;
    %dup/vec4;
    %pushi/vec4 4, 0, 3;
    %cmp/u;
    %jmp/1 T_4.12, 6;
    %dup/vec4;
    %pushi/vec4 5, 0, 3;
    %cmp/u;
    %jmp/1 T_4.13, 6;
    %jmp T_4.14;
T_4.8 ;
    %load/vec4 v000001c9073b5140_0;
    %pad/u 32;
    %cmpi/u 9, 0, 32;
    %flag_or 5, 4;
    %jmp/0xz  T_4.15, 5;
    %load/vec4 v000001c9073b5140_0;
    %assign/vec4 v000001c9074e8f40_0, 0;
T_4.15 ;
    %jmp T_4.14;
T_4.9 ;
    %load/vec4 v000001c9073b5140_0;
    %pad/u 32;
    %cmpi/u 5, 0, 32;
    %flag_or 5, 4;
    %jmp/0xz  T_4.17, 5;
    %load/vec4 v000001c9073b5140_0;
    %assign/vec4 v000001c9074e8220_0, 0;
T_4.17 ;
    %jmp T_4.14;
T_4.10 ;
    %load/vec4 v000001c9073b5140_0;
    %pad/u 32;
    %cmpi/u 9, 0, 32;
    %flag_or 5, 4;
    %jmp/0xz  T_4.19, 5;
    %load/vec4 v000001c9073b5140_0;
    %assign/vec4 v000001c9074e8860_0, 0;
T_4.19 ;
    %jmp T_4.14;
T_4.11 ;
    %load/vec4 v000001c9073b5140_0;
    %pad/u 32;
    %cmpi/u 5, 0, 32;
    %flag_or 5, 4;
    %jmp/0xz  T_4.21, 5;
    %load/vec4 v000001c9073b5140_0;
    %assign/vec4 v000001c9074e8900_0, 0;
T_4.21 ;
    %jmp T_4.14;
T_4.12 ;
    %load/vec4 v000001c9073b5140_0;
    %pad/u 32;
    %cmpi/u 4, 0, 32;
    %flag_or 5, 4;
    %jmp/0xz  T_4.23, 5;
    %load/vec4 v000001c9073b5140_0;
    %assign/vec4 v000001c907362aa0_0, 0;
T_4.23 ;
    %jmp T_4.14;
T_4.13 ;
    %load/vec4 v000001c9073b5140_0;
    %pad/u 32;
    %cmpi/u 2, 0, 32;
    %flag_or 5, 4;
    %jmp/0xz  T_4.25, 5;
    %load/vec4 v000001c9073b5140_0;
    %assign/vec4 v000001c907362a00_0, 0;
T_4.25 ;
    %jmp T_4.14;
T_4.14 ;
    %pop/vec4 1;
T_4.4 ;
    %load/vec4 v000001c9074e80e0_0;
    %flag_set/vec4 8;
    %jmp/0xz  T_4.27, 8;
    %load/vec4 v000001c9074e8f40_0;
    %pad/u 17;
    %load/vec4 v000001c9074e8220_0;
    %pad/u 17;
    %muli 10, 0, 17;
    %add;
    %load/vec4 v000001c9074e8860_0;
    %pad/u 17;
    %muli 60, 0, 17;
    %add;
    %load/vec4 v000001c9074e8900_0;
    %pad/u 17;
    %muli 600, 0, 17;
    %add;
    %load/vec4 v000001c907362aa0_0;
    %pad/u 17;
    %muli 3600, 0, 17;
    %add;
    %load/vec4 v000001c907362a00_0;
    %pad/u 17;
    %muli 36000, 0, 17;
    %add;
    %assign/vec4 v000001c9074e84a0_0, 0;
T_4.27 ;
    %load/vec4 v000001c907362be0_0;
    %pad/u 32;
    %cmpi/e 0, 0, 32;
    %jmp/0xz  T_4.29, 4;
    %load/vec4 v000001c9074e84a0_0;
    %addi 1, 0, 17;
    %assign/vec4 v000001c9074e84a0_0, 0;
T_4.29 ;
T_4.3 ;
T_4.1 ;
    %load/vec4 v000001c9074e84a0_0;
    %pad/u 32;
    %pushi/vec4 3600, 0, 32;
    %div;
    %pad/u 5;
    %assign/vec4 v000001c907362b40_0, 0;
    %load/vec4 v000001c9074e84a0_0;
    %pad/u 32;
    %pushi/vec4 3600, 0, 32;
    %mod;
    %pushi/vec4 60, 0, 32;
    %div;
    %pad/u 6;
    %assign/vec4 v000001c9074e85e0_0, 0;
    %load/vec4 v000001c9074e84a0_0;
    %pad/u 32;
    %pushi/vec4 60, 0, 32;
    %mod;
    %pad/u 6;
    %assign/vec4 v000001c9074e8ea0_0, 0;
    %load/vec4 v000001c907362b40_0;
    %pad/u 32;
    %pushi/vec4 10, 0, 32;
    %div;
    %pad/u 4;
    %store/vec4 v000001c907362a00_0, 0, 4;
    %load/vec4 v000001c907362b40_0;
    %pad/u 32;
    %pushi/vec4 10, 0, 32;
    %mod;
    %pad/u 4;
    %store/vec4 v000001c907362aa0_0, 0, 4;
    %load/vec4 v000001c9074e85e0_0;
    %pad/u 32;
    %pushi/vec4 10, 0, 32;
    %div;
    %pad/u 4;
    %store/vec4 v000001c9074e8900_0, 0, 4;
    %load/vec4 v000001c9074e85e0_0;
    %pad/u 32;
    %pushi/vec4 10, 0, 32;
    %mod;
    %pad/u 4;
    %store/vec4 v000001c9074e8860_0, 0, 4;
    %load/vec4 v000001c9074e8ea0_0;
    %pad/u 32;
    %pushi/vec4 10, 0, 32;
    %div;
    %pad/u 4;
    %store/vec4 v000001c9074e8220_0, 0, 4;
    %load/vec4 v000001c9074e8ea0_0;
    %pad/u 32;
    %pushi/vec4 10, 0, 32;
    %mod;
    %pad/u 4;
    %store/vec4 v000001c9074e8f40_0, 0, 4;
    %jmp T_4;
    .thread T_4;
    .scope S_000001c9073a27a0;
T_5 ;
    %wait E_000001c9073edab0;
    %load/vec4 v000001c90744bcf0_0;
    %pad/u 32;
    %cmpi/e 99999, 0, 32;
    %jmp/0xz  T_5.0, 4;
    %pushi/vec4 0, 0, 17;
    %assign/vec4 v000001c90744bcf0_0, 0;
    %load/vec4 v000001c90744c510_0;
    %addi 1, 0, 2;
    %assign/vec4 v000001c90744c510_0, 0;
    %jmp T_5.1;
T_5.0 ;
    %load/vec4 v000001c90744bcf0_0;
    %addi 1, 0, 17;
    %assign/vec4 v000001c90744bcf0_0, 0;
T_5.1 ;
    %jmp T_5;
    .thread T_5;
    .scope S_000001c9073a27a0;
T_6 ;
    %wait E_000001c9073ed8f0;
    %load/vec4 v000001c90744c510_0;
    %dup/vec4;
    %pushi/vec4 0, 0, 2;
    %cmp/u;
    %jmp/1 T_6.0, 6;
    %dup/vec4;
    %pushi/vec4 1, 0, 2;
    %cmp/u;
    %jmp/1 T_6.1, 6;
    %dup/vec4;
    %pushi/vec4 2, 0, 2;
    %cmp/u;
    %jmp/1 T_6.2, 6;
    %dup/vec4;
    %pushi/vec4 3, 0, 2;
    %cmp/u;
    %jmp/1 T_6.3, 6;
    %jmp T_6.4;
T_6.0 ;
    %pushi/vec4 14, 0, 4;
    %store/vec4 v000001c90744b890_0, 0, 4;
    %jmp T_6.4;
T_6.1 ;
    %pushi/vec4 13, 0, 4;
    %store/vec4 v000001c90744b890_0, 0, 4;
    %jmp T_6.4;
T_6.2 ;
    %pushi/vec4 11, 0, 4;
    %store/vec4 v000001c90744b890_0, 0, 4;
    %jmp T_6.4;
T_6.3 ;
    %pushi/vec4 7, 0, 4;
    %store/vec4 v000001c90744b890_0, 0, 4;
    %jmp T_6.4;
T_6.4 ;
    %pop/vec4 1;
    %jmp T_6;
    .thread T_6, $push;
    .scope S_000001c9073a27a0;
T_7 ;
    %wait E_000001c9073ed870;
    %load/vec4 v000001c90744c510_0;
    %dup/vec4;
    %pushi/vec4 0, 0, 2;
    %cmp/u;
    %jmp/1 T_7.0, 6;
    %dup/vec4;
    %pushi/vec4 1, 0, 2;
    %cmp/u;
    %jmp/1 T_7.1, 6;
    %dup/vec4;
    %pushi/vec4 2, 0, 2;
    %cmp/u;
    %jmp/1 T_7.2, 6;
    %dup/vec4;
    %pushi/vec4 3, 0, 2;
    %cmp/u;
    %jmp/1 T_7.3, 6;
    %jmp T_7.4;
T_7.0 ;
    %load/vec4 v000001c90744b750_0;
    %dup/vec4;
    %pushi/vec4 0, 0, 4;
    %cmp/u;
    %jmp/1 T_7.5, 6;
    %dup/vec4;
    %pushi/vec4 1, 0, 4;
    %cmp/u;
    %jmp/1 T_7.6, 6;
    %dup/vec4;
    %pushi/vec4 2, 0, 4;
    %cmp/u;
    %jmp/1 T_7.7, 6;
    %dup/vec4;
    %pushi/vec4 3, 0, 4;
    %cmp/u;
    %jmp/1 T_7.8, 6;
    %dup/vec4;
    %pushi/vec4 4, 0, 4;
    %cmp/u;
    %jmp/1 T_7.9, 6;
    %dup/vec4;
    %pushi/vec4 5, 0, 4;
    %cmp/u;
    %jmp/1 T_7.10, 6;
    %dup/vec4;
    %pushi/vec4 6, 0, 4;
    %cmp/u;
    %jmp/1 T_7.11, 6;
    %dup/vec4;
    %pushi/vec4 7, 0, 4;
    %cmp/u;
    %jmp/1 T_7.12, 6;
    %dup/vec4;
    %pushi/vec4 8, 0, 4;
    %cmp/u;
    %jmp/1 T_7.13, 6;
    %dup/vec4;
    %pushi/vec4 9, 0, 4;
    %cmp/u;
    %jmp/1 T_7.14, 6;
    %jmp T_7.15;
T_7.5 ;
    %pushi/vec4 1, 0, 7;
    %store/vec4 v000001c90744cbf0_0, 0, 7;
    %jmp T_7.15;
T_7.6 ;
    %pushi/vec4 79, 0, 7;
    %store/vec4 v000001c90744cbf0_0, 0, 7;
    %jmp T_7.15;
T_7.7 ;
    %pushi/vec4 18, 0, 7;
    %store/vec4 v000001c90744cbf0_0, 0, 7;
    %jmp T_7.15;
T_7.8 ;
    %pushi/vec4 6, 0, 7;
    %store/vec4 v000001c90744cbf0_0, 0, 7;
    %jmp T_7.15;
T_7.9 ;
    %pushi/vec4 76, 0, 7;
    %store/vec4 v000001c90744cbf0_0, 0, 7;
    %jmp T_7.15;
T_7.10 ;
    %pushi/vec4 36, 0, 7;
    %store/vec4 v000001c90744cbf0_0, 0, 7;
    %jmp T_7.15;
T_7.11 ;
    %pushi/vec4 32, 0, 7;
    %store/vec4 v000001c90744cbf0_0, 0, 7;
    %jmp T_7.15;
T_7.12 ;
    %pushi/vec4 15, 0, 7;
    %store/vec4 v000001c90744cbf0_0, 0, 7;
    %jmp T_7.15;
T_7.13 ;
    %pushi/vec4 0, 0, 7;
    %store/vec4 v000001c90744cbf0_0, 0, 7;
    %jmp T_7.15;
T_7.14 ;
    %pushi/vec4 4, 0, 7;
    %store/vec4 v000001c90744cbf0_0, 0, 7;
    %jmp T_7.15;
T_7.15 ;
    %pop/vec4 1;
    %jmp T_7.4;
T_7.1 ;
    %load/vec4 v000001c90744b430_0;
    %dup/vec4;
    %pushi/vec4 0, 0, 4;
    %cmp/u;
    %jmp/1 T_7.16, 6;
    %dup/vec4;
    %pushi/vec4 1, 0, 4;
    %cmp/u;
    %jmp/1 T_7.17, 6;
    %dup/vec4;
    %pushi/vec4 2, 0, 4;
    %cmp/u;
    %jmp/1 T_7.18, 6;
    %dup/vec4;
    %pushi/vec4 3, 0, 4;
    %cmp/u;
    %jmp/1 T_7.19, 6;
    %dup/vec4;
    %pushi/vec4 4, 0, 4;
    %cmp/u;
    %jmp/1 T_7.20, 6;
    %dup/vec4;
    %pushi/vec4 5, 0, 4;
    %cmp/u;
    %jmp/1 T_7.21, 6;
    %dup/vec4;
    %pushi/vec4 6, 0, 4;
    %cmp/u;
    %jmp/1 T_7.22, 6;
    %dup/vec4;
    %pushi/vec4 7, 0, 4;
    %cmp/u;
    %jmp/1 T_7.23, 6;
    %dup/vec4;
    %pushi/vec4 8, 0, 4;
    %cmp/u;
    %jmp/1 T_7.24, 6;
    %dup/vec4;
    %pushi/vec4 9, 0, 4;
    %cmp/u;
    %jmp/1 T_7.25, 6;
    %jmp T_7.26;
T_7.16 ;
    %pushi/vec4 1, 0, 7;
    %store/vec4 v000001c90744cbf0_0, 0, 7;
    %jmp T_7.26;
T_7.17 ;
    %pushi/vec4 79, 0, 7;
    %store/vec4 v000001c90744cbf0_0, 0, 7;
    %jmp T_7.26;
T_7.18 ;
    %pushi/vec4 18, 0, 7;
    %store/vec4 v000001c90744cbf0_0, 0, 7;
    %jmp T_7.26;
T_7.19 ;
    %pushi/vec4 6, 0, 7;
    %store/vec4 v000001c90744cbf0_0, 0, 7;
    %jmp T_7.26;
T_7.20 ;
    %pushi/vec4 76, 0, 7;
    %store/vec4 v000001c90744cbf0_0, 0, 7;
    %jmp T_7.26;
T_7.21 ;
    %pushi/vec4 36, 0, 7;
    %store/vec4 v000001c90744cbf0_0, 0, 7;
    %jmp T_7.26;
T_7.22 ;
    %pushi/vec4 32, 0, 7;
    %store/vec4 v000001c90744cbf0_0, 0, 7;
    %jmp T_7.26;
T_7.23 ;
    %pushi/vec4 15, 0, 7;
    %store/vec4 v000001c90744cbf0_0, 0, 7;
    %jmp T_7.26;
T_7.24 ;
    %pushi/vec4 0, 0, 7;
    %store/vec4 v000001c90744cbf0_0, 0, 7;
    %jmp T_7.26;
T_7.25 ;
    %pushi/vec4 4, 0, 7;
    %store/vec4 v000001c90744cbf0_0, 0, 7;
    %jmp T_7.26;
T_7.26 ;
    %pop/vec4 1;
    %jmp T_7.4;
T_7.2 ;
    %load/vec4 v000001c90744ba70_0;
    %dup/vec4;
    %pushi/vec4 0, 0, 4;
    %cmp/u;
    %jmp/1 T_7.27, 6;
    %dup/vec4;
    %pushi/vec4 1, 0, 4;
    %cmp/u;
    %jmp/1 T_7.28, 6;
    %dup/vec4;
    %pushi/vec4 2, 0, 4;
    %cmp/u;
    %jmp/1 T_7.29, 6;
    %dup/vec4;
    %pushi/vec4 3, 0, 4;
    %cmp/u;
    %jmp/1 T_7.30, 6;
    %dup/vec4;
    %pushi/vec4 4, 0, 4;
    %cmp/u;
    %jmp/1 T_7.31, 6;
    %dup/vec4;
    %pushi/vec4 5, 0, 4;
    %cmp/u;
    %jmp/1 T_7.32, 6;
    %dup/vec4;
    %pushi/vec4 6, 0, 4;
    %cmp/u;
    %jmp/1 T_7.33, 6;
    %dup/vec4;
    %pushi/vec4 7, 0, 4;
    %cmp/u;
    %jmp/1 T_7.34, 6;
    %dup/vec4;
    %pushi/vec4 8, 0, 4;
    %cmp/u;
    %jmp/1 T_7.35, 6;
    %dup/vec4;
    %pushi/vec4 9, 0, 4;
    %cmp/u;
    %jmp/1 T_7.36, 6;
    %jmp T_7.37;
T_7.27 ;
    %pushi/vec4 1, 0, 7;
    %store/vec4 v000001c90744cbf0_0, 0, 7;
    %jmp T_7.37;
T_7.28 ;
    %pushi/vec4 79, 0, 7;
    %store/vec4 v000001c90744cbf0_0, 0, 7;
    %jmp T_7.37;
T_7.29 ;
    %pushi/vec4 18, 0, 7;
    %store/vec4 v000001c90744cbf0_0, 0, 7;
    %jmp T_7.37;
T_7.30 ;
    %pushi/vec4 6, 0, 7;
    %store/vec4 v000001c90744cbf0_0, 0, 7;
    %jmp T_7.37;
T_7.31 ;
    %pushi/vec4 76, 0, 7;
    %store/vec4 v000001c90744cbf0_0, 0, 7;
    %jmp T_7.37;
T_7.32 ;
    %pushi/vec4 36, 0, 7;
    %store/vec4 v000001c90744cbf0_0, 0, 7;
    %jmp T_7.37;
T_7.33 ;
    %pushi/vec4 32, 0, 7;
    %store/vec4 v000001c90744cbf0_0, 0, 7;
    %jmp T_7.37;
T_7.34 ;
    %pushi/vec4 15, 0, 7;
    %store/vec4 v000001c90744cbf0_0, 0, 7;
    %jmp T_7.37;
T_7.35 ;
    %pushi/vec4 0, 0, 7;
    %store/vec4 v000001c90744cbf0_0, 0, 7;
    %jmp T_7.37;
T_7.36 ;
    %pushi/vec4 4, 0, 7;
    %store/vec4 v000001c90744cbf0_0, 0, 7;
    %jmp T_7.37;
T_7.37 ;
    %pop/vec4 1;
    %jmp T_7.4;
T_7.3 ;
    %load/vec4 v000001c90744c970_0;
    %dup/vec4;
    %pushi/vec4 0, 0, 4;
    %cmp/u;
    %jmp/1 T_7.38, 6;
    %dup/vec4;
    %pushi/vec4 1, 0, 4;
    %cmp/u;
    %jmp/1 T_7.39, 6;
    %dup/vec4;
    %pushi/vec4 2, 0, 4;
    %cmp/u;
    %jmp/1 T_7.40, 6;
    %dup/vec4;
    %pushi/vec4 3, 0, 4;
    %cmp/u;
    %jmp/1 T_7.41, 6;
    %dup/vec4;
    %pushi/vec4 4, 0, 4;
    %cmp/u;
    %jmp/1 T_7.42, 6;
    %dup/vec4;
    %pushi/vec4 5, 0, 4;
    %cmp/u;
    %jmp/1 T_7.43, 6;
    %dup/vec4;
    %pushi/vec4 6, 0, 4;
    %cmp/u;
    %jmp/1 T_7.44, 6;
    %dup/vec4;
    %pushi/vec4 7, 0, 4;
    %cmp/u;
    %jmp/1 T_7.45, 6;
    %dup/vec4;
    %pushi/vec4 8, 0, 4;
    %cmp/u;
    %jmp/1 T_7.46, 6;
    %dup/vec4;
    %pushi/vec4 9, 0, 4;
    %cmp/u;
    %jmp/1 T_7.47, 6;
    %jmp T_7.48;
T_7.38 ;
    %pushi/vec4 1, 0, 7;
    %store/vec4 v000001c90744cbf0_0, 0, 7;
    %jmp T_7.48;
T_7.39 ;
    %pushi/vec4 79, 0, 7;
    %store/vec4 v000001c90744cbf0_0, 0, 7;
    %jmp T_7.48;
T_7.40 ;
    %pushi/vec4 18, 0, 7;
    %store/vec4 v000001c90744cbf0_0, 0, 7;
    %jmp T_7.48;
T_7.41 ;
    %pushi/vec4 6, 0, 7;
    %store/vec4 v000001c90744cbf0_0, 0, 7;
    %jmp T_7.48;
T_7.42 ;
    %pushi/vec4 76, 0, 7;
    %store/vec4 v000001c90744cbf0_0, 0, 7;
    %jmp T_7.48;
T_7.43 ;
    %pushi/vec4 36, 0, 7;
    %store/vec4 v000001c90744cbf0_0, 0, 7;
    %jmp T_7.48;
T_7.44 ;
    %pushi/vec4 32, 0, 7;
    %store/vec4 v000001c90744cbf0_0, 0, 7;
    %jmp T_7.48;
T_7.45 ;
    %pushi/vec4 15, 0, 7;
    %store/vec4 v000001c90744cbf0_0, 0, 7;
    %jmp T_7.48;
T_7.46 ;
    %pushi/vec4 0, 0, 7;
    %store/vec4 v000001c90744cbf0_0, 0, 7;
    %jmp T_7.48;
T_7.47 ;
    %pushi/vec4 4, 0, 7;
    %store/vec4 v000001c90744cbf0_0, 0, 7;
    %jmp T_7.48;
T_7.48 ;
    %pop/vec4 1;
    %jmp T_7.4;
T_7.4 ;
    %pop/vec4 1;
    %jmp T_7;
    .thread T_7, $push;
    .scope S_000001c9073fac80;
T_8 ;
    %pushi/vec4 0, 0, 1;
    %store/vec4 v000001c9074e9f40_0, 0, 1;
    %pushi/vec4 0, 0, 26;
    %store/vec4 v000001c9074ea6c0_0, 0, 26;
    %end;
    .thread T_8;
    .scope S_000001c9073fac80;
T_9 ;
    %wait E_000001c9073ed570;
    %load/vec4 v000001c9074ea6c0_0;
    %addi 1, 0, 26;
    %store/vec4 v000001c9074ea6c0_0, 0, 26;
    %load/vec4 v000001c9074ea6c0_0;
    %pad/u 32;
    %cmpi/e 50000000, 0, 32;
    %jmp/0xz  T_9.0, 4;
    %load/vec4 v000001c9074e9f40_0;
    %nor/r;
    %assign/vec4 v000001c9074e9f40_0, 0;
    %pushi/vec4 0, 0, 26;
    %assign/vec4 v000001c9074ea6c0_0, 0;
T_9.0 ;
    %jmp T_9;
    .thread T_9;
    .scope S_000001c9073fac80;
T_10 ;
    %wait E_000001c9073edab0;
    %load/vec4 v000001c9074ea260_0;
    %flag_set/vec4 8;
    %jmp/0xz  T_10.0, 8;
    %load/vec4 v000001c9074eb520_0;
    %store/vec4 v000001c9074eb200_0, 0, 4;
    %load/vec4 v000001c9074eb340_0;
    %store/vec4 v000001c9074eada0_0, 0, 4;
    %load/vec4 v000001c9074ea3a0_0;
    %store/vec4 v000001c9074ea4e0_0, 0, 4;
    %load/vec4 v000001c9074ea120_0;
    %store/vec4 v000001c9074e9900_0, 0, 4;
    %load/vec4 v000001c9074eb5c0_0;
    %store/vec4 v000001c9074ea1c0_0, 0, 4;
    %load/vec4 v000001c9074e9b80_0;
    %store/vec4 v000001c9074ea580_0, 0, 4;
    %jmp T_10.1;
T_10.0 ;
    %load/vec4 v000001c9074eaee0_0;
    %flag_set/vec4 8;
    %jmp/0xz  T_10.2, 8;
    %pushi/vec4 0, 0, 4;
    %store/vec4 v000001c9074eb200_0, 0, 4;
    %pushi/vec4 0, 0, 4;
    %store/vec4 v000001c9074eada0_0, 0, 4;
    %load/vec4 v000001c9074e99a0_0;
    %store/vec4 v000001c9074ea4e0_0, 0, 4;
    %load/vec4 v000001c9074ea760_0;
    %store/vec4 v000001c9074e9900_0, 0, 4;
    %load/vec4 v000001c9074ea440_0;
    %store/vec4 v000001c9074ea1c0_0, 0, 4;
    %load/vec4 v000001c9074e9e00_0;
    %store/vec4 v000001c9074ea580_0, 0, 4;
    %jmp T_10.3;
T_10.2 ;
    %load/vec4 v000001c9074e9d60_0;
    %flag_set/vec4 8;
    %jmp/1 T_10.6, 8;
    %load/vec4 v000001c9074eab20_0;
    %flag_set/vec4 9;
    %flag_or 8, 9;
T_10.6;
    %jmp/0xz  T_10.4, 8;
    %load/vec4 v000001c9074ea620_0;
    %store/vec4 v000001c9074eb200_0, 0, 4;
    %load/vec4 v000001c9074eabc0_0;
    %store/vec4 v000001c9074eada0_0, 0, 4;
    %load/vec4 v000001c9074ea300_0;
    %store/vec4 v000001c9074ea4e0_0, 0, 4;
    %load/vec4 v000001c9074eb7a0_0;
    %store/vec4 v000001c9074e9900_0, 0, 4;
    %load/vec4 v000001c90744bb10_0;
    %store/vec4 v000001c9074ea1c0_0, 0, 4;
    %load/vec4 v000001c90744b9d0_0;
    %store/vec4 v000001c9074ea580_0, 0, 4;
    %jmp T_10.5;
T_10.4 ;
    %load/vec4 v000001c9074ea8a0_0;
    %store/vec4 v000001c9074eb200_0, 0, 4;
    %load/vec4 v000001c9074eaa80_0;
    %store/vec4 v000001c9074eada0_0, 0, 4;
    %load/vec4 v000001c9074eae40_0;
    %store/vec4 v000001c9074ea4e0_0, 0, 4;
    %load/vec4 v000001c9074eb160_0;
    %store/vec4 v000001c9074e9900_0, 0, 4;
    %load/vec4 v000001c9074ea800_0;
    %store/vec4 v000001c9074ea1c0_0, 0, 4;
    %load/vec4 v000001c9074e9fe0_0;
    %store/vec4 v000001c9074ea580_0, 0, 4;
T_10.5 ;
T_10.3 ;
T_10.1 ;
    %jmp T_10;
    .thread T_10;
# The file index is used to find the file name in the following table.
:file_names 8;
    "N/A";
    "<interactive>";
    "main.v";
    "./clock.v";
    "./timer.v";
    "./alarm.v";
    "./sevenseg.v";
    "./stopwatch.v";
