#! /c/Source/iverilog-install/bin/vvp
:ivl_version "12.0 (devel)" "(s20150603-1539-g2693dd32b)";
:ivl_delay_selection "TYPICAL";
:vpi_time_precision + 0;
:vpi_module "C:\iverilog\lib\ivl\system.vpi";
:vpi_module "C:\iverilog\lib\ivl\vhdl_sys.vpi";
:vpi_module "C:\iverilog\lib\ivl\vhdl_textio.vpi";
:vpi_module "C:\iverilog\lib\ivl\v2005_math.vpi";
:vpi_module "C:\iverilog\lib\ivl\va_math.vpi";
S_000001cb69192940 .scope module, "sseg" "sseg" 2 1;
 .timescale 0 0;
    .port_info 0 /INPUT 1 "clk_100MHz";
    .port_info 1 /INPUT 4 "ones";
    .port_info 2 /INPUT 4 "tens";
    .port_info 3 /INPUT 4 "hundreds";
    .port_info 4 /INPUT 4 "thousands";
    .port_info 5 /OUTPUT 7 "SEG";
    .port_info 6 /OUTPUT 4 "AN";
P_000001cb691b8c60 .param/l "EIGHT" 0 2 21, C4<0000000>;
P_000001cb691b8c98 .param/l "FIVE" 0 2 18, C4<0100100>;
P_000001cb691b8cd0 .param/l "FOUR" 0 2 17, C4<1001100>;
P_000001cb691b8d08 .param/l "NINE" 0 2 22, C4<0000100>;
P_000001cb691b8d40 .param/l "ONE" 0 2 14, C4<1001111>;
P_000001cb691b8d78 .param/l "SEVEN" 0 2 20, C4<0001111>;
P_000001cb691b8db0 .param/l "SIX" 0 2 19, C4<0100000>;
P_000001cb691b8de8 .param/l "THREE" 0 2 16, C4<0000110>;
P_000001cb691b8e20 .param/l "TWO" 0 2 15, C4<0010010>;
P_000001cb691b8e58 .param/l "ZERO" 0 2 13, C4<0000001>;
v000001cb692bbe90_0 .var "AN", 3 0;
v000001cb69193200_0 .var "SEG", 6 0;
v000001cb69192ad0_0 .var "anode_select", 1 0;
v000001cb69192b70_0 .var "anode_timer", 16 0;
o000001cb691d3098 .functor BUFZ 1, C4<z>; HiZ drive
v000001cb69192c10_0 .net "clk_100MHz", 0 0, o000001cb691d3098;  0 drivers
o000001cb691d30c8 .functor BUFZ 4, C4<zzzz>; HiZ drive
v000001cb691c3f50_0 .net "hundreds", 3 0, o000001cb691d30c8;  0 drivers
o000001cb691d30f8 .functor BUFZ 4, C4<zzzz>; HiZ drive
v000001cb691c3ff0_0 .net "ones", 3 0, o000001cb691d30f8;  0 drivers
o000001cb691d3128 .functor BUFZ 4, C4<zzzz>; HiZ drive
v000001cb691c4090_0 .net "tens", 3 0, o000001cb691d3128;  0 drivers
o000001cb691d3158 .functor BUFZ 4, C4<zzzz>; HiZ drive
v000001cb691c4130_0 .net "thousands", 3 0, o000001cb691d3158;  0 drivers
E_000001cb691b5320/0 .event anyedge, v000001cb69192ad0_0, v000001cb691c3ff0_0, v000001cb691c4090_0, v000001cb691c3f50_0;
E_000001cb691b5320/1 .event anyedge, v000001cb691c4130_0;
E_000001cb691b5320 .event/or E_000001cb691b5320/0, E_000001cb691b5320/1;
E_000001cb691b4e60 .event anyedge, v000001cb69192ad0_0;
E_000001cb691b5420 .event posedge, v000001cb69192c10_0;
    .scope S_000001cb69192940;
T_0 ;
    %wait E_000001cb691b5420;
    %load/vec4 v000001cb69192b70_0;
    %pad/u 32;
    %cmpi/e 99999, 0, 32;
    %jmp/0xz  T_0.0, 4;
    %pushi/vec4 0, 0, 17;
    %assign/vec4 v000001cb69192b70_0, 0;
    %load/vec4 v000001cb69192ad0_0;
    %addi 1, 0, 2;
    %assign/vec4 v000001cb69192ad0_0, 0;
    %jmp T_0.1;
T_0.0 ;
    %load/vec4 v000001cb69192b70_0;
    %addi 1, 0, 17;
    %assign/vec4 v000001cb69192b70_0, 0;
T_0.1 ;
    %jmp T_0;
    .thread T_0;
    .scope S_000001cb69192940;
T_1 ;
    %wait E_000001cb691b4e60;
    %load/vec4 v000001cb69192ad0_0;
    %dup/vec4;
    %pushi/vec4 0, 0, 2;
    %cmp/u;
    %jmp/1 T_1.0, 6;
    %dup/vec4;
    %pushi/vec4 1, 0, 2;
    %cmp/u;
    %jmp/1 T_1.1, 6;
    %dup/vec4;
    %pushi/vec4 2, 0, 2;
    %cmp/u;
    %jmp/1 T_1.2, 6;
    %dup/vec4;
    %pushi/vec4 3, 0, 2;
    %cmp/u;
    %jmp/1 T_1.3, 6;
    %jmp T_1.4;
T_1.0 ;
    %pushi/vec4 14, 0, 4;
    %store/vec4 v000001cb692bbe90_0, 0, 4;
    %jmp T_1.4;
T_1.1 ;
    %pushi/vec4 13, 0, 4;
    %store/vec4 v000001cb692bbe90_0, 0, 4;
    %jmp T_1.4;
T_1.2 ;
    %pushi/vec4 11, 0, 4;
    %store/vec4 v000001cb692bbe90_0, 0, 4;
    %jmp T_1.4;
T_1.3 ;
    %pushi/vec4 7, 0, 4;
    %store/vec4 v000001cb692bbe90_0, 0, 4;
    %jmp T_1.4;
T_1.4 ;
    %pop/vec4 1;
    %jmp T_1;
    .thread T_1, $push;
    .scope S_000001cb69192940;
T_2 ;
    %wait E_000001cb691b5320;
    %load/vec4 v000001cb69192ad0_0;
    %dup/vec4;
    %pushi/vec4 0, 0, 2;
    %cmp/u;
    %jmp/1 T_2.0, 6;
    %dup/vec4;
    %pushi/vec4 1, 0, 2;
    %cmp/u;
    %jmp/1 T_2.1, 6;
    %dup/vec4;
    %pushi/vec4 2, 0, 2;
    %cmp/u;
    %jmp/1 T_2.2, 6;
    %dup/vec4;
    %pushi/vec4 3, 0, 2;
    %cmp/u;
    %jmp/1 T_2.3, 6;
    %jmp T_2.4;
T_2.0 ;
    %load/vec4 v000001cb691c3ff0_0;
    %dup/vec4;
    %pushi/vec4 0, 0, 4;
    %cmp/u;
    %jmp/1 T_2.5, 6;
    %dup/vec4;
    %pushi/vec4 1, 0, 4;
    %cmp/u;
    %jmp/1 T_2.6, 6;
    %dup/vec4;
    %pushi/vec4 2, 0, 4;
    %cmp/u;
    %jmp/1 T_2.7, 6;
    %dup/vec4;
    %pushi/vec4 3, 0, 4;
    %cmp/u;
    %jmp/1 T_2.8, 6;
    %dup/vec4;
    %pushi/vec4 4, 0, 4;
    %cmp/u;
    %jmp/1 T_2.9, 6;
    %dup/vec4;
    %pushi/vec4 5, 0, 4;
    %cmp/u;
    %jmp/1 T_2.10, 6;
    %dup/vec4;
    %pushi/vec4 6, 0, 4;
    %cmp/u;
    %jmp/1 T_2.11, 6;
    %dup/vec4;
    %pushi/vec4 7, 0, 4;
    %cmp/u;
    %jmp/1 T_2.12, 6;
    %dup/vec4;
    %pushi/vec4 8, 0, 4;
    %cmp/u;
    %jmp/1 T_2.13, 6;
    %dup/vec4;
    %pushi/vec4 9, 0, 4;
    %cmp/u;
    %jmp/1 T_2.14, 6;
    %jmp T_2.15;
T_2.5 ;
    %pushi/vec4 1, 0, 7;
    %store/vec4 v000001cb69193200_0, 0, 7;
    %jmp T_2.15;
T_2.6 ;
    %pushi/vec4 79, 0, 7;
    %store/vec4 v000001cb69193200_0, 0, 7;
    %jmp T_2.15;
T_2.7 ;
    %pushi/vec4 18, 0, 7;
    %store/vec4 v000001cb69193200_0, 0, 7;
    %jmp T_2.15;
T_2.8 ;
    %pushi/vec4 6, 0, 7;
    %store/vec4 v000001cb69193200_0, 0, 7;
    %jmp T_2.15;
T_2.9 ;
    %pushi/vec4 76, 0, 7;
    %store/vec4 v000001cb69193200_0, 0, 7;
    %jmp T_2.15;
T_2.10 ;
    %pushi/vec4 36, 0, 7;
    %store/vec4 v000001cb69193200_0, 0, 7;
    %jmp T_2.15;
T_2.11 ;
    %pushi/vec4 32, 0, 7;
    %store/vec4 v000001cb69193200_0, 0, 7;
    %jmp T_2.15;
T_2.12 ;
    %pushi/vec4 15, 0, 7;
    %store/vec4 v000001cb69193200_0, 0, 7;
    %jmp T_2.15;
T_2.13 ;
    %pushi/vec4 0, 0, 7;
    %store/vec4 v000001cb69193200_0, 0, 7;
    %jmp T_2.15;
T_2.14 ;
    %pushi/vec4 4, 0, 7;
    %store/vec4 v000001cb69193200_0, 0, 7;
    %jmp T_2.15;
T_2.15 ;
    %pop/vec4 1;
    %jmp T_2.4;
T_2.1 ;
    %load/vec4 v000001cb691c4090_0;
    %dup/vec4;
    %pushi/vec4 0, 0, 4;
    %cmp/u;
    %jmp/1 T_2.16, 6;
    %dup/vec4;
    %pushi/vec4 1, 0, 4;
    %cmp/u;
    %jmp/1 T_2.17, 6;
    %dup/vec4;
    %pushi/vec4 2, 0, 4;
    %cmp/u;
    %jmp/1 T_2.18, 6;
    %dup/vec4;
    %pushi/vec4 3, 0, 4;
    %cmp/u;
    %jmp/1 T_2.19, 6;
    %dup/vec4;
    %pushi/vec4 4, 0, 4;
    %cmp/u;
    %jmp/1 T_2.20, 6;
    %dup/vec4;
    %pushi/vec4 5, 0, 4;
    %cmp/u;
    %jmp/1 T_2.21, 6;
    %dup/vec4;
    %pushi/vec4 6, 0, 4;
    %cmp/u;
    %jmp/1 T_2.22, 6;
    %dup/vec4;
    %pushi/vec4 7, 0, 4;
    %cmp/u;
    %jmp/1 T_2.23, 6;
    %dup/vec4;
    %pushi/vec4 8, 0, 4;
    %cmp/u;
    %jmp/1 T_2.24, 6;
    %dup/vec4;
    %pushi/vec4 9, 0, 4;
    %cmp/u;
    %jmp/1 T_2.25, 6;
    %jmp T_2.26;
T_2.16 ;
    %pushi/vec4 1, 0, 7;
    %store/vec4 v000001cb69193200_0, 0, 7;
    %jmp T_2.26;
T_2.17 ;
    %pushi/vec4 79, 0, 7;
    %store/vec4 v000001cb69193200_0, 0, 7;
    %jmp T_2.26;
T_2.18 ;
    %pushi/vec4 18, 0, 7;
    %store/vec4 v000001cb69193200_0, 0, 7;
    %jmp T_2.26;
T_2.19 ;
    %pushi/vec4 6, 0, 7;
    %store/vec4 v000001cb69193200_0, 0, 7;
    %jmp T_2.26;
T_2.20 ;
    %pushi/vec4 76, 0, 7;
    %store/vec4 v000001cb69193200_0, 0, 7;
    %jmp T_2.26;
T_2.21 ;
    %pushi/vec4 36, 0, 7;
    %store/vec4 v000001cb69193200_0, 0, 7;
    %jmp T_2.26;
T_2.22 ;
    %pushi/vec4 32, 0, 7;
    %store/vec4 v000001cb69193200_0, 0, 7;
    %jmp T_2.26;
T_2.23 ;
    %pushi/vec4 15, 0, 7;
    %store/vec4 v000001cb69193200_0, 0, 7;
    %jmp T_2.26;
T_2.24 ;
    %pushi/vec4 0, 0, 7;
    %store/vec4 v000001cb69193200_0, 0, 7;
    %jmp T_2.26;
T_2.25 ;
    %pushi/vec4 4, 0, 7;
    %store/vec4 v000001cb69193200_0, 0, 7;
    %jmp T_2.26;
T_2.26 ;
    %pop/vec4 1;
    %jmp T_2.4;
T_2.2 ;
    %load/vec4 v000001cb691c3f50_0;
    %dup/vec4;
    %pushi/vec4 0, 0, 4;
    %cmp/u;
    %jmp/1 T_2.27, 6;
    %dup/vec4;
    %pushi/vec4 1, 0, 4;
    %cmp/u;
    %jmp/1 T_2.28, 6;
    %dup/vec4;
    %pushi/vec4 2, 0, 4;
    %cmp/u;
    %jmp/1 T_2.29, 6;
    %dup/vec4;
    %pushi/vec4 3, 0, 4;
    %cmp/u;
    %jmp/1 T_2.30, 6;
    %dup/vec4;
    %pushi/vec4 4, 0, 4;
    %cmp/u;
    %jmp/1 T_2.31, 6;
    %dup/vec4;
    %pushi/vec4 5, 0, 4;
    %cmp/u;
    %jmp/1 T_2.32, 6;
    %dup/vec4;
    %pushi/vec4 6, 0, 4;
    %cmp/u;
    %jmp/1 T_2.33, 6;
    %dup/vec4;
    %pushi/vec4 7, 0, 4;
    %cmp/u;
    %jmp/1 T_2.34, 6;
    %dup/vec4;
    %pushi/vec4 8, 0, 4;
    %cmp/u;
    %jmp/1 T_2.35, 6;
    %dup/vec4;
    %pushi/vec4 9, 0, 4;
    %cmp/u;
    %jmp/1 T_2.36, 6;
    %jmp T_2.37;
T_2.27 ;
    %pushi/vec4 1, 0, 7;
    %store/vec4 v000001cb69193200_0, 0, 7;
    %jmp T_2.37;
T_2.28 ;
    %pushi/vec4 79, 0, 7;
    %store/vec4 v000001cb69193200_0, 0, 7;
    %jmp T_2.37;
T_2.29 ;
    %pushi/vec4 18, 0, 7;
    %store/vec4 v000001cb69193200_0, 0, 7;
    %jmp T_2.37;
T_2.30 ;
    %pushi/vec4 6, 0, 7;
    %store/vec4 v000001cb69193200_0, 0, 7;
    %jmp T_2.37;
T_2.31 ;
    %pushi/vec4 76, 0, 7;
    %store/vec4 v000001cb69193200_0, 0, 7;
    %jmp T_2.37;
T_2.32 ;
    %pushi/vec4 36, 0, 7;
    %store/vec4 v000001cb69193200_0, 0, 7;
    %jmp T_2.37;
T_2.33 ;
    %pushi/vec4 32, 0, 7;
    %store/vec4 v000001cb69193200_0, 0, 7;
    %jmp T_2.37;
T_2.34 ;
    %pushi/vec4 15, 0, 7;
    %store/vec4 v000001cb69193200_0, 0, 7;
    %jmp T_2.37;
T_2.35 ;
    %pushi/vec4 0, 0, 7;
    %store/vec4 v000001cb69193200_0, 0, 7;
    %jmp T_2.37;
T_2.36 ;
    %pushi/vec4 4, 0, 7;
    %store/vec4 v000001cb69193200_0, 0, 7;
    %jmp T_2.37;
T_2.37 ;
    %pop/vec4 1;
    %jmp T_2.4;
T_2.3 ;
    %load/vec4 v000001cb691c4130_0;
    %dup/vec4;
    %pushi/vec4 0, 0, 4;
    %cmp/u;
    %jmp/1 T_2.38, 6;
    %dup/vec4;
    %pushi/vec4 1, 0, 4;
    %cmp/u;
    %jmp/1 T_2.39, 6;
    %dup/vec4;
    %pushi/vec4 2, 0, 4;
    %cmp/u;
    %jmp/1 T_2.40, 6;
    %dup/vec4;
    %pushi/vec4 3, 0, 4;
    %cmp/u;
    %jmp/1 T_2.41, 6;
    %dup/vec4;
    %pushi/vec4 4, 0, 4;
    %cmp/u;
    %jmp/1 T_2.42, 6;
    %dup/vec4;
    %pushi/vec4 5, 0, 4;
    %cmp/u;
    %jmp/1 T_2.43, 6;
    %dup/vec4;
    %pushi/vec4 6, 0, 4;
    %cmp/u;
    %jmp/1 T_2.44, 6;
    %dup/vec4;
    %pushi/vec4 7, 0, 4;
    %cmp/u;
    %jmp/1 T_2.45, 6;
    %dup/vec4;
    %pushi/vec4 8, 0, 4;
    %cmp/u;
    %jmp/1 T_2.46, 6;
    %dup/vec4;
    %pushi/vec4 9, 0, 4;
    %cmp/u;
    %jmp/1 T_2.47, 6;
    %jmp T_2.48;
T_2.38 ;
    %pushi/vec4 1, 0, 7;
    %store/vec4 v000001cb69193200_0, 0, 7;
    %jmp T_2.48;
T_2.39 ;
    %pushi/vec4 79, 0, 7;
    %store/vec4 v000001cb69193200_0, 0, 7;
    %jmp T_2.48;
T_2.40 ;
    %pushi/vec4 18, 0, 7;
    %store/vec4 v000001cb69193200_0, 0, 7;
    %jmp T_2.48;
T_2.41 ;
    %pushi/vec4 6, 0, 7;
    %store/vec4 v000001cb69193200_0, 0, 7;
    %jmp T_2.48;
T_2.42 ;
    %pushi/vec4 76, 0, 7;
    %store/vec4 v000001cb69193200_0, 0, 7;
    %jmp T_2.48;
T_2.43 ;
    %pushi/vec4 36, 0, 7;
    %store/vec4 v000001cb69193200_0, 0, 7;
    %jmp T_2.48;
T_2.44 ;
    %pushi/vec4 32, 0, 7;
    %store/vec4 v000001cb69193200_0, 0, 7;
    %jmp T_2.48;
T_2.45 ;
    %pushi/vec4 15, 0, 7;
    %store/vec4 v000001cb69193200_0, 0, 7;
    %jmp T_2.48;
T_2.46 ;
    %pushi/vec4 0, 0, 7;
    %store/vec4 v000001cb69193200_0, 0, 7;
    %jmp T_2.48;
T_2.47 ;
    %pushi/vec4 4, 0, 7;
    %store/vec4 v000001cb69193200_0, 0, 7;
    %jmp T_2.48;
T_2.48 ;
    %pop/vec4 1;
    %jmp T_2.4;
T_2.4 ;
    %pop/vec4 1;
    %jmp T_2;
    .thread T_2, $push;
# The file index is used to find the file name in the following table.
:file_names 3;
    "N/A";
    "<interactive>";
    "sevenseg.v";
