#! /c/Source/iverilog-install/bin/vvp
:ivl_version "12.0 (devel)" "(s20150603-1539-g2693dd32b)";
:ivl_delay_selection "TYPICAL";
:vpi_time_precision + 0;
:vpi_module "C:\iverilog\lib\ivl\system.vpi";
:vpi_module "C:\iverilog\lib\ivl\vhdl_sys.vpi";
:vpi_module "C:\iverilog\lib\ivl\vhdl_textio.vpi";
:vpi_module "C:\iverilog\lib\ivl\v2005_math.vpi";
:vpi_module "C:\iverilog\lib\ivl\va_math.vpi";
S_0000019304fc2940 .scope module, "StopWatch" "StopWatch" 2 1;
 .timescale 0 0;
    .port_info 0 /INPUT 1 "clk_out";
    .port_info 1 /INPUT 1 "swrst";
    .port_info 2 /INPUT 1 "swp";
    .port_info 3 /INPUT 1 "sw";
    .port_info 4 /OUTPUT 17 "SEC_CNT";
    .port_info 5 /OUTPUT 4 "sh1";
    .port_info 6 /OUTPUT 4 "sh2";
    .port_info 7 /OUTPUT 4 "sm1";
    .port_info 8 /OUTPUT 4 "sm2";
    .port_info 9 /OUTPUT 4 "ss1";
    .port_info 10 /OUTPUT 4 "ss2";
v0000019304fc2b90_0 .var "SEC_CNT", 16 0;
o0000019304ffc008 .functor BUFZ 1, C4<z>; HiZ drive
v000001930513bea0_0 .net "clk_out", 0 0, o0000019304ffc008;  0 drivers
v0000019304fc2c30_0 .var "sh1", 3 0;
v0000019305040840_0 .var "sh2", 3 0;
v00000193050408e0_0 .var "shh", 4 0;
v0000019305040980_0 .var "sm1", 3 0;
v0000019305040a20_0 .var "sm2", 3 0;
v0000019305040ac0_0 .var "smm", 5 0;
v0000019305040b60_0 .var "ss1", 3 0;
v0000019305040c00_0 .var "ss2", 3 0;
v0000019305040ca0_0 .var "sss", 5 0;
o0000019304ffc1e8 .functor BUFZ 1, C4<z>; HiZ drive
v0000019305040d40_0 .net "sw", 0 0, o0000019304ffc1e8;  0 drivers
o0000019304ffc218 .functor BUFZ 1, C4<z>; HiZ drive
v0000019305040de0_0 .net "swp", 0 0, o0000019304ffc218;  0 drivers
o0000019304ffc248 .functor BUFZ 1, C4<z>; HiZ drive
v0000019305040e80_0 .net "swrst", 0 0, o0000019304ffc248;  0 drivers
E_000001930513a050 .event posedge, v0000019305040e80_0, v000001930513bea0_0;
    .scope S_0000019304fc2940;
T_0 ;
    %wait E_000001930513a050;
    %load/vec4 v0000019305040d40_0;
    %flag_set/vec4 8;
    %jmp/0xz  T_0.0, 8;
    %load/vec4 v0000019305040e80_0;
    %flag_set/vec4 8;
    %jmp/0xz  T_0.2, 8;
    %pushi/vec4 0, 0, 17;
    %assign/vec4 v0000019304fc2b90_0, 0;
    %pushi/vec4 0, 0, 5;
    %assign/vec4 v00000193050408e0_0, 0;
    %pushi/vec4 0, 0, 6;
    %assign/vec4 v0000019305040ac0_0, 0;
    %pushi/vec4 0, 0, 6;
    %assign/vec4 v0000019305040ca0_0, 0;
    %pushi/vec4 0, 0, 4;
    %assign/vec4 v0000019304fc2c30_0, 0;
    %pushi/vec4 0, 0, 4;
    %assign/vec4 v0000019305040840_0, 0;
    %pushi/vec4 0, 0, 4;
    %assign/vec4 v0000019305040980_0, 0;
    %pushi/vec4 0, 0, 4;
    %assign/vec4 v0000019305040a20_0, 0;
    %pushi/vec4 0, 0, 4;
    %assign/vec4 v0000019305040b60_0, 0;
    %pushi/vec4 0, 0, 4;
    %assign/vec4 v0000019305040c00_0, 0;
    %jmp T_0.3;
T_0.2 ;
    %load/vec4 v0000019305040de0_0;
    %pad/u 32;
    %cmpi/e 0, 0, 32;
    %jmp/0xz  T_0.4, 4;
    %load/vec4 v0000019304fc2b90_0;
    %addi 1, 0, 17;
    %assign/vec4 v0000019304fc2b90_0, 0;
T_0.4 ;
T_0.3 ;
    %load/vec4 v0000019304fc2b90_0;
    %pad/u 32;
    %pushi/vec4 3600, 0, 32;
    %div;
    %pad/u 5;
    %assign/vec4 v00000193050408e0_0, 0;
    %load/vec4 v0000019304fc2b90_0;
    %pad/u 32;
    %pushi/vec4 3600, 0, 32;
    %mod;
    %pushi/vec4 60, 0, 32;
    %div;
    %pad/u 6;
    %assign/vec4 v0000019305040ac0_0, 0;
    %load/vec4 v0000019304fc2b90_0;
    %pad/u 32;
    %pushi/vec4 60, 0, 32;
    %mod;
    %pad/u 6;
    %assign/vec4 v0000019305040ca0_0, 0;
    %load/vec4 v00000193050408e0_0;
    %pad/u 32;
    %pushi/vec4 10, 0, 32;
    %div;
    %pad/u 4;
    %store/vec4 v0000019304fc2c30_0, 0, 4;
    %load/vec4 v00000193050408e0_0;
    %pad/u 32;
    %pushi/vec4 10, 0, 32;
    %mod;
    %pad/u 4;
    %store/vec4 v0000019305040840_0, 0, 4;
    %load/vec4 v0000019305040ac0_0;
    %pad/u 32;
    %pushi/vec4 10, 0, 32;
    %div;
    %pad/u 4;
    %store/vec4 v0000019305040980_0, 0, 4;
    %load/vec4 v0000019305040ac0_0;
    %pad/u 32;
    %pushi/vec4 10, 0, 32;
    %mod;
    %pad/u 4;
    %store/vec4 v0000019305040a20_0, 0, 4;
    %load/vec4 v0000019305040ca0_0;
    %pad/u 32;
    %pushi/vec4 10, 0, 32;
    %div;
    %pad/u 4;
    %store/vec4 v0000019305040b60_0, 0, 4;
    %load/vec4 v0000019305040ca0_0;
    %pad/u 32;
    %pushi/vec4 10, 0, 32;
    %mod;
    %pad/u 4;
    %store/vec4 v0000019305040c00_0, 0, 4;
T_0.0 ;
    %jmp T_0;
    .thread T_0;
# The file index is used to find the file name in the following table.
:file_names 3;
    "N/A";
    "<interactive>";
    "stopwatch.v";
