#! /c/Source/iverilog-install/bin/vvp
:ivl_version "12.0 (devel)" "(s20150603-1539-g2693dd32b)";
:ivl_delay_selection "TYPICAL";
:vpi_time_precision + 0;
:vpi_module "C:\iverilog\lib\ivl\system.vpi";
:vpi_module "C:\iverilog\lib\ivl\vhdl_sys.vpi";
:vpi_module "C:\iverilog\lib\ivl\vhdl_textio.vpi";
:vpi_module "C:\iverilog\lib\ivl\v2005_math.vpi";
:vpi_module "C:\iverilog\lib\ivl\va_math.vpi";
S_000001eb7ecf2940 .scope module, "Timer" "Timer" 2 1;
 .timescale 0 0;
    .port_info 0 /INPUT 1 "clk_out";
    .port_info 1 /INPUT 1 "tmr";
    .port_info 2 /INPUT 1 "tmrp";
    .port_info 3 /INPUT 1 "tmrin";
    .port_info 4 /INPUT 4 "loadin";
    .port_info 5 /INPUT 1 "load";
    .port_info 6 /INPUT 1 "almin";
    .port_info 7 /INPUT 1 "alm";
    .port_info 8 /INPUT 1 "sw";
    .port_info 9 /OUTPUT 17 "tmr_cnt";
    .port_info 10 /INPUT 3 "select";
    .port_info 11 /OUTPUT 1 "buzz2";
v000001eb7ecf2ad0_0 .var "Th1", 3 0;
v000001eb7ecf2b70_0 .var "Th2", 3 0;
v000001eb7ecf2c10_0 .var "Thh", 4 0;
v000001eb7ed22cf0_0 .var "Tm1", 3 0;
v000001eb7ed22d90_0 .var "Tm2", 3 0;
v000001eb7ed22e30_0 .var "Tmm", 5 0;
v000001eb7ed22ed0_0 .var "Ts1", 3 0;
v000001eb7ed22f70_0 .var "Ts2", 3 0;
v000001eb7ed23010_0 .var "Tss", 5 0;
o000001eb7ed31108 .functor BUFZ 1, C4<z>; HiZ drive
v000001eb7ed230b0_0 .net "alm", 0 0, o000001eb7ed31108;  0 drivers
o000001eb7ed31138 .functor BUFZ 1, C4<z>; HiZ drive
v000001eb7ed23150_0 .net "almin", 0 0, o000001eb7ed31138;  0 drivers
v000001eb7ed231f0_0 .var "buzz2", 0 0;
o000001eb7ed31198 .functor BUFZ 1, C4<z>; HiZ drive
v000001eb7ed23290_0 .net "clk_out", 0 0, o000001eb7ed31198;  0 drivers
o000001eb7ed311c8 .functor BUFZ 1, C4<z>; HiZ drive
v000001eb7ed23330_0 .net "load", 0 0, o000001eb7ed311c8;  0 drivers
o000001eb7ed311f8 .functor BUFZ 4, C4<zzzz>; HiZ drive
v000001eb7ed233d0_0 .net "loadin", 3 0, o000001eb7ed311f8;  0 drivers
o000001eb7ed31228 .functor BUFZ 3, C4<zzz>; HiZ drive
v000001eb7ed23470_0 .net "select", 2 0, o000001eb7ed31228;  0 drivers
o000001eb7ed31258 .functor BUFZ 1, C4<z>; HiZ drive
v000001eb7ed23880_0 .net "sw", 0 0, o000001eb7ed31258;  0 drivers
o000001eb7ed31288 .functor BUFZ 1, C4<z>; HiZ drive
v000001eb7ed24460_0 .net "tmr", 0 0, o000001eb7ed31288;  0 drivers
v000001eb7ed24320_0 .var "tmr_cnt", 16 0;
o000001eb7ed312e8 .functor BUFZ 1, C4<z>; HiZ drive
v000001eb7ed236a0_0 .net "tmrin", 0 0, o000001eb7ed312e8;  0 drivers
o000001eb7ed31318 .functor BUFZ 1, C4<z>; HiZ drive
v000001eb7ed23c40_0 .net "tmrp", 0 0, o000001eb7ed31318;  0 drivers
v000001eb7ed243c0_0 .var "update_cnt", 0 0;
E_000001eb7ed172c0 .event posedge, v000001eb7ed23290_0;
    .scope S_000001eb7ecf2940;
T_0 ;
    %pushi/vec4 0, 0, 5;
    %store/vec4 v000001eb7ecf2c10_0, 0, 5;
    %pushi/vec4 0, 0, 6;
    %store/vec4 v000001eb7ed22e30_0, 0, 6;
    %pushi/vec4 0, 0, 6;
    %store/vec4 v000001eb7ed23010_0, 0, 6;
    %end;
    .thread T_0;
    .scope S_000001eb7ecf2940;
T_1 ;
    %wait E_000001eb7ed172c0;
    %pushi/vec4 0, 0, 1;
    %assign/vec4 v000001eb7ed243c0_0, 0;
    %load/vec4 v000001eb7ed236a0_0;
    %pad/u 32;
    %cmpi/e 1, 0, 32;
    %flag_get/vec4 4;
    %jmp/0 T_1.3, 4;
    %load/vec4 v000001eb7ed23330_0;
    %pad/u 32;
    %pushi/vec4 0, 0, 32;
    %cmp/e;
    %flag_get/vec4 4;
    %and;
T_1.3;
    %flag_set/vec4 9;
    %flag_get/vec4 9;
    %jmp/0 T_1.2, 9;
    %load/vec4 v000001eb7ed23150_0;
    %pad/u 32;
    %pushi/vec4 0, 0, 32;
    %cmp/e;
    %flag_get/vec4 4;
    %and;
T_1.2;
    %flag_set/vec4 8;
    %jmp/0xz  T_1.0, 8;
    %pushi/vec4 1, 0, 1;
    %assign/vec4 v000001eb7ed243c0_0, 0;
    %load/vec4 v000001eb7ed23470_0;
    %parti/s 1, 2, 3;
    %load/vec4 v000001eb7ed23470_0;
    %parti/s 1, 1, 2;
    %concat/vec4; draw_concat_vec4
    %load/vec4 v000001eb7ed23470_0;
    %parti/s 1, 0, 2;
    %concat/vec4; draw_concat_vec4
    %dup/vec4;
    %pushi/vec4 0, 0, 3;
    %cmp/u;
    %jmp/1 T_1.4, 6;
    %dup/vec4;
    %pushi/vec4 1, 0, 3;
    %cmp/u;
    %jmp/1 T_1.5, 6;
    %dup/vec4;
    %pushi/vec4 2, 0, 3;
    %cmp/u;
    %jmp/1 T_1.6, 6;
    %dup/vec4;
    %pushi/vec4 3, 0, 3;
    %cmp/u;
    %jmp/1 T_1.7, 6;
    %dup/vec4;
    %pushi/vec4 4, 0, 3;
    %cmp/u;
    %jmp/1 T_1.8, 6;
    %dup/vec4;
    %pushi/vec4 5, 0, 3;
    %cmp/u;
    %jmp/1 T_1.9, 6;
    %jmp T_1.10;
T_1.4 ;
    %load/vec4 v000001eb7ed233d0_0;
    %pad/u 32;
    %cmpi/u 9, 0, 32;
    %flag_or 5, 4;
    %jmp/0xz  T_1.11, 5;
    %load/vec4 v000001eb7ed233d0_0;
    %assign/vec4 v000001eb7ed22f70_0, 0;
T_1.11 ;
    %jmp T_1.10;
T_1.5 ;
    %load/vec4 v000001eb7ed233d0_0;
    %pad/u 32;
    %cmpi/u 5, 0, 32;
    %flag_or 5, 4;
    %jmp/0xz  T_1.13, 5;
    %load/vec4 v000001eb7ed233d0_0;
    %assign/vec4 v000001eb7ed22ed0_0, 0;
T_1.13 ;
    %jmp T_1.10;
T_1.6 ;
    %load/vec4 v000001eb7ed233d0_0;
    %pad/u 32;
    %cmpi/u 9, 0, 32;
    %flag_or 5, 4;
    %jmp/0xz  T_1.15, 5;
    %load/vec4 v000001eb7ed233d0_0;
    %assign/vec4 v000001eb7ed22d90_0, 0;
T_1.15 ;
    %jmp T_1.10;
T_1.7 ;
    %load/vec4 v000001eb7ed233d0_0;
    %pad/u 32;
    %cmpi/u 5, 0, 32;
    %flag_or 5, 4;
    %jmp/0xz  T_1.17, 5;
    %load/vec4 v000001eb7ed233d0_0;
    %assign/vec4 v000001eb7ed22cf0_0, 0;
T_1.17 ;
    %jmp T_1.10;
T_1.8 ;
    %load/vec4 v000001eb7ed233d0_0;
    %pad/u 32;
    %cmpi/u 4, 0, 32;
    %flag_or 5, 4;
    %jmp/0xz  T_1.19, 5;
    %load/vec4 v000001eb7ed233d0_0;
    %assign/vec4 v000001eb7ecf2b70_0, 0;
T_1.19 ;
    %jmp T_1.10;
T_1.9 ;
    %load/vec4 v000001eb7ed233d0_0;
    %pad/u 32;
    %cmpi/u 2, 0, 32;
    %flag_or 5, 4;
    %jmp/0xz  T_1.21, 5;
    %load/vec4 v000001eb7ed233d0_0;
    %assign/vec4 v000001eb7ecf2ad0_0, 0;
T_1.21 ;
    %jmp T_1.10;
T_1.10 ;
    %pop/vec4 1;
T_1.0 ;
    %load/vec4 v000001eb7ed243c0_0;
    %flag_set/vec4 8;
    %jmp/0xz  T_1.23, 8;
    %load/vec4 v000001eb7ed22f70_0;
    %pad/u 17;
    %load/vec4 v000001eb7ed22ed0_0;
    %pad/u 17;
    %muli 10, 0, 17;
    %add;
    %load/vec4 v000001eb7ed22d90_0;
    %pad/u 17;
    %muli 60, 0, 17;
    %add;
    %load/vec4 v000001eb7ed22cf0_0;
    %pad/u 17;
    %muli 600, 0, 17;
    %add;
    %load/vec4 v000001eb7ecf2b70_0;
    %pad/u 17;
    %muli 3600, 0, 17;
    %add;
    %load/vec4 v000001eb7ecf2ad0_0;
    %pad/u 17;
    %muli 36000, 0, 17;
    %add;
    %assign/vec4 v000001eb7ed24320_0, 0;
T_1.23 ;
    %load/vec4 v000001eb7ed24460_0;
    %pad/u 32;
    %cmpi/e 1, 0, 32;
    %flag_get/vec4 4;
    %jmp/0 T_1.28, 4;
    %load/vec4 v000001eb7ed23880_0;
    %pad/u 32;
    %pushi/vec4 0, 0, 32;
    %cmp/e;
    %flag_get/vec4 4;
    %and;
T_1.28;
    %flag_set/vec4 9;
    %flag_get/vec4 9;
    %jmp/0 T_1.27, 9;
    %load/vec4 v000001eb7ed230b0_0;
    %pad/u 32;
    %pushi/vec4 0, 0, 32;
    %cmp/e;
    %flag_get/vec4 4;
    %and;
T_1.27;
    %flag_set/vec4 8;
    %jmp/0xz  T_1.25, 8;
    %load/vec4 v000001eb7ed23c40_0;
    %pad/u 32;
    %cmpi/e 0, 0, 32;
    %flag_get/vec4 4;
    %jmp/0 T_1.31, 4;
    %pushi/vec4 0, 0, 32;
    %load/vec4 v000001eb7ed24320_0;
    %pad/u 32;
    %cmp/u;
    %flag_get/vec4 5;
    %and;
T_1.31;
    %flag_set/vec4 8;
    %jmp/0xz  T_1.29, 8;
    %load/vec4 v000001eb7ed24320_0;
    %subi 1, 0, 17;
    %store/vec4 v000001eb7ed24320_0, 0, 17;
T_1.29 ;
    %load/vec4 v000001eb7ed24320_0;
    %pad/u 32;
    %pushi/vec4 3600, 0, 32;
    %div;
    %pad/u 5;
    %assign/vec4 v000001eb7ecf2c10_0, 0;
    %load/vec4 v000001eb7ed24320_0;
    %pad/u 32;
    %pushi/vec4 3600, 0, 32;
    %mod;
    %pushi/vec4 60, 0, 32;
    %div;
    %pad/u 6;
    %assign/vec4 v000001eb7ed22e30_0, 0;
    %load/vec4 v000001eb7ed24320_0;
    %pad/u 32;
    %pushi/vec4 60, 0, 32;
    %mod;
    %pad/u 6;
    %assign/vec4 v000001eb7ed23010_0, 0;
    %load/vec4 v000001eb7ecf2c10_0;
    %pad/u 32;
    %pushi/vec4 10, 0, 32;
    %div;
    %pad/u 4;
    %assign/vec4 v000001eb7ecf2ad0_0, 0;
    %load/vec4 v000001eb7ecf2c10_0;
    %pad/u 32;
    %pushi/vec4 10, 0, 32;
    %mod;
    %pad/u 4;
    %assign/vec4 v000001eb7ecf2b70_0, 0;
    %load/vec4 v000001eb7ed22e30_0;
    %pad/u 32;
    %pushi/vec4 10, 0, 32;
    %div;
    %pad/u 4;
    %assign/vec4 v000001eb7ed22cf0_0, 0;
    %load/vec4 v000001eb7ed22e30_0;
    %pad/u 32;
    %pushi/vec4 10, 0, 32;
    %mod;
    %pad/u 4;
    %assign/vec4 v000001eb7ed22d90_0, 0;
    %load/vec4 v000001eb7ed23010_0;
    %pad/u 32;
    %pushi/vec4 10, 0, 32;
    %div;
    %pad/u 4;
    %assign/vec4 v000001eb7ed22ed0_0, 0;
    %load/vec4 v000001eb7ed23010_0;
    %pad/u 32;
    %pushi/vec4 10, 0, 32;
    %mod;
    %pad/u 4;
    %assign/vec4 v000001eb7ed22f70_0, 0;
    %load/vec4 v000001eb7ed24320_0;
    %pad/u 32;
    %cmpi/e 0, 0, 32;
    %jmp/0xz  T_1.32, 4;
    %pushi/vec4 1, 0, 1;
    %store/vec4 v000001eb7ed231f0_0, 0, 1;
    %jmp T_1.33;
T_1.32 ;
    %pushi/vec4 0, 0, 1;
    %store/vec4 v000001eb7ed231f0_0, 0, 1;
T_1.33 ;
    %jmp T_1.26;
T_1.25 ;
    %pushi/vec4 0, 0, 1;
    %store/vec4 v000001eb7ed231f0_0, 0, 1;
T_1.26 ;
    %jmp T_1;
    .thread T_1;
# The file index is used to find the file name in the following table.
:file_names 3;
    "N/A";
    "<interactive>";
    "timer.v";
